[12-Dec-2015 04:36:59 America/Los_Angeles] PHP Warning:  include(head.php): failed to open stream: No such file or directory in /home/stu/gordon/public_html/cs224/resources.php on line 5
[12-Dec-2015 04:36:59 America/Los_Angeles] PHP Warning:  include(): Failed opening 'head.php' for inclusion (include_path='.:/usr/share/php:/usr/share/pear') in /home/stu/gordon/public_html/cs224/resources.php on line 5
[12-Dec-2015 04:36:59 America/Los_Angeles] PHP Warning:  include(left.php): failed to open stream: No such file or directory in /home/stu/gordon/public_html/cs224/resources.php on line 61
[12-Dec-2015 04:36:59 America/Los_Angeles] PHP Warning:  include(): Failed opening 'left.php' for inclusion (include_path='.:/usr/share/php:/usr/share/pear') in /home/stu/gordon/public_html/cs224/resources.php on line 61
[12-Dec-2015 04:36:59 America/Los_Angeles] PHP Warning:  include(right.php): failed to open stream: No such file or directory in /home/stu/gordon/public_html/cs224/resources.php on line 64
[12-Dec-2015 04:36:59 America/Los_Angeles] PHP Warning:  include(): Failed opening 'right.php' for inclusion (include_path='.:/usr/share/php:/usr/share/pear') in /home/stu/gordon/public_html/cs224/resources.php on line 64
[12-Dec-2015 04:36:59 America/Los_Angeles] PHP Warning:  include(footer.php): failed to open stream: No such file or directory in /home/stu/gordon/public_html/cs224/resources.php on line 68
[12-Dec-2015 04:36:59 America/Los_Angeles] PHP Warning:  include(): Failed opening 'footer.php' for inclusion (include_path='.:/usr/share/php:/usr/share/pear') in /home/stu/gordon/public_html/cs224/resources.php on line 68
[20-Dec-2015 14:14:26 America/Los_Angeles] PHP Warning:  include(head.php): failed to open stream: No such file or directory in /home/stu/gordon/public_html/cs224/resources.php on line 5
[20-Dec-2015 14:14:26 America/Los_Angeles] PHP Warning:  include(): Failed opening 'head.php' for inclusion (include_path='.:/usr/share/php:/usr/share/pear') in /home/stu/gordon/public_html/cs224/resources.php on line 5
[20-Dec-2015 14:14:26 America/Los_Angeles] PHP Warning:  include(left.php): failed to open stream: No such file or directory in /home/stu/gordon/public_html/cs224/resources.php on line 61
[20-Dec-2015 14:14:26 America/Los_Angeles] PHP Warning:  include(): Failed opening 'left.php' for inclusion (include_path='.:/usr/share/php:/usr/share/pear') in /home/stu/gordon/public_html/cs224/resources.php on line 61
[20-Dec-2015 14:14:26 America/Los_Angeles] PHP Warning:  include(right.php): failed to open stream: No such file or directory in /home/stu/gordon/public_html/cs224/resources.php on line 64
[20-Dec-2015 14:14:26 America/Los_Angeles] PHP Warning:  include(): Failed opening 'right.php' for inclusion (include_path='.:/usr/share/php:/usr/share/pear') in /home/stu/gordon/public_html/cs224/resources.php on line 64
[20-Dec-2015 14:14:26 America/Los_Angeles] PHP Warning:  include(footer.php): failed to open stream: No such file or directory in /home/stu/gordon/public_html/cs224/resources.php on line 68
[20-Dec-2015 14:14:26 America/Los_Angeles] PHP Warning:  include(): Failed opening 'footer.php' for inclusion (include_path='.:/usr/share/php:/usr/share/pear') in /home/stu/gordon/public_html/cs224/resources.php on line 68
[25-Dec-2015 04:59:27 America/Los_Angeles] PHP Warning:  include(head.php): failed to open stream: No such file or directory in /home/stu/gordon/public_html/cs224/resources.php on line 5
[25-Dec-2015 04:59:27 America/Los_Angeles] PHP Warning:  include(): Failed opening 'head.php' for inclusion (include_path='.:/usr/share/php:/usr/share/pear') in /home/stu/gordon/public_html/cs224/resources.php on line 5
[25-Dec-2015 04:59:27 America/Los_Angeles] PHP Warning:  include(left.php): failed to open stream: No such file or directory in /home/stu/gordon/public_html/cs224/resources.php on line 61
[25-Dec-2015 04:59:27 America/Los_Angeles] PHP Warning:  include(): Failed opening 'left.php' for inclusion (include_path='.:/usr/share/php:/usr/share/pear') in /home/stu/gordon/public_html/cs224/resources.php on line 61
[25-Dec-2015 04:59:27 America/Los_Angeles] PHP Warning:  include(right.php): failed to open stream: No such file or directory in /home/stu/gordon/public_html/cs224/resources.php on line 64
[25-Dec-2015 04:59:27 America/Los_Angeles] PHP Warning:  include(): Failed opening 'right.php' for inclusion (include_path='.:/usr/share/php:/usr/share/pear') in /home/stu/gordon/public_html/cs224/resources.php on line 64
[25-Dec-2015 04:59:27 America/Los_Angeles] PHP Warning:  include(footer.php): failed to open stream: No such file or directory in /home/stu/gordon/public_html/cs224/resources.php on line 68
[25-Dec-2015 04:59:27 America/Los_Angeles] PHP Warning:  include(): Failed opening 'footer.php' for inclusion (include_path='.:/usr/share/php:/usr/share/pear') in /home/stu/gordon/public_html/cs224/resources.php on line 68
[28-Dec-2015 21:20:45 America/Los_Angeles] PHP Warning:  include(head.php): failed to open stream: No such file or directory in /home/stu/gordon/public_html/cs224/resources.php on line 5
[28-Dec-2015 21:20:45 America/Los_Angeles] PHP Warning:  include(): Failed opening 'head.php' for inclusion (include_path='.:/usr/share/php:/usr/share/pear') in /home/stu/gordon/public_html/cs224/resources.php on line 5
[28-Dec-2015 21:20:45 America/Los_Angeles] PHP Warning:  include(left.php): failed to open stream: No such file or directory in /home/stu/gordon/public_html/cs224/resources.php on line 61
[28-Dec-2015 21:20:45 America/Los_Angeles] PHP Warning:  include(): Failed opening 'left.php' for inclusion (include_path='.:/usr/share/php:/usr/share/pear') in /home/stu/gordon/public_html/cs224/resources.php on line 61
[28-Dec-2015 21:20:45 America/Los_Angeles] PHP Warning:  include(right.php): failed to open stream: No such file or directory in /home/stu/gordon/public_html/cs224/resources.php on line 64
[28-Dec-2015 21:20:45 America/Los_Angeles] PHP Warning:  include(): Failed opening 'right.php' for inclusion (include_path='.:/usr/share/php:/usr/share/pear') in /home/stu/gordon/public_html/cs224/resources.php on line 64
[28-Dec-2015 21:20:45 America/Los_Angeles] PHP Warning:  include(footer.php): failed to open stream: No such file or directory in /home/stu/gordon/public_html/cs224/resources.php on line 68
[28-Dec-2015 21:20:45 America/Los_Angeles] PHP Warning:  include(): Failed opening 'footer.php' for inclusion (include_path='.:/usr/share/php:/usr/share/pear') in /home/stu/gordon/public_html/cs224/resources.php on line 68
[29-Dec-2015 21:16:03 America/Los_Angeles] PHP Warning:  include(head.php): failed to open stream: No such file or directory in /home/stu/gordon/public_html/cs224/resources.php on line 5
[29-Dec-2015 21:16:03 America/Los_Angeles] PHP Warning:  include(): Failed opening 'head.php' for inclusion (include_path='.:/usr/share/php:/usr/share/pear') in /home/stu/gordon/public_html/cs224/resources.php on line 5
[29-Dec-2015 21:16:03 America/Los_Angeles] PHP Warning:  include(left.php): failed to open stream: No such file or directory in /home/stu/gordon/public_html/cs224/resources.php on line 61
[29-Dec-2015 21:16:03 America/Los_Angeles] PHP Warning:  include(): Failed opening 'left.php' for inclusion (include_path='.:/usr/share/php:/usr/share/pear') in /home/stu/gordon/public_html/cs224/resources.php on line 61
[29-Dec-2015 21:16:03 America/Los_Angeles] PHP Warning:  include(right.php): failed to open stream: No such file or directory in /home/stu/gordon/public_html/cs224/resources.php on line 64
[29-Dec-2015 21:16:03 America/Los_Angeles] PHP Warning:  include(): Failed opening 'right.php' for inclusion (include_path='.:/usr/share/php:/usr/share/pear') in /home/stu/gordon/public_html/cs224/resources.php on line 64
[29-Dec-2015 21:16:03 America/Los_Angeles] PHP Warning:  include(footer.php): failed to open stream: No such file or directory in /home/stu/gordon/public_html/cs224/resources.php on line 68
[29-Dec-2015 21:16:03 America/Los_Angeles] PHP Warning:  include(): Failed opening 'footer.php' for inclusion (include_path='.:/usr/share/php:/usr/share/pear') in /home/stu/gordon/public_html/cs224/resources.php on line 68
[31-Dec-2015 19:58:36 America/Los_Angeles] PHP Warning:  include(head.php): failed to open stream: No such file or directory in /home/stu/gordon/public_html/cs224/resources.php on line 5
[31-Dec-2015 19:58:36 America/Los_Angeles] PHP Warning:  include(): Failed opening 'head.php' for inclusion (include_path='.:/usr/share/php:/usr/share/pear') in /home/stu/gordon/public_html/cs224/resources.php on line 5
[31-Dec-2015 19:58:36 America/Los_Angeles] PHP Warning:  include(left.php): failed to open stream: No such file or directory in /home/stu/gordon/public_html/cs224/resources.php on line 61
[31-Dec-2015 19:58:36 America/Los_Angeles] PHP Warning:  include(): Failed opening 'left.php' for inclusion (include_path='.:/usr/share/php:/usr/share/pear') in /home/stu/gordon/public_html/cs224/resources.php on line 61
[31-Dec-2015 19:58:36 America/Los_Angeles] PHP Warning:  include(right.php): failed to open stream: No such file or directory in /home/stu/gordon/public_html/cs224/resources.php on line 64
[31-Dec-2015 19:58:36 America/Los_Angeles] PHP Warning:  include(): Failed opening 'right.php' for inclusion (include_path='.:/usr/share/php:/usr/share/pear') in /home/stu/gordon/public_html/cs224/resources.php on line 64
[31-Dec-2015 19:58:36 America/Los_Angeles] PHP Warning:  include(footer.php): failed to open stream: No such file or directory in /home/stu/gordon/public_html/cs224/resources.php on line 68
[31-Dec-2015 19:58:36 America/Los_Angeles] PHP Warning:  include(): Failed opening 'footer.php' for inclusion (include_path='.:/usr/share/php:/usr/share/pear') in /home/stu/gordon/public_html/cs224/resources.php on line 68
[01-Jan-2016 20:46:17 America/Los_Angeles] PHP Warning:  include(head.php): failed to open stream: No such file or directory in /home/stu/gordon/public_html/cs224/resources.php on line 5
[01-Jan-2016 20:46:17 America/Los_Angeles] PHP Warning:  include(): Failed opening 'head.php' for inclusion (include_path='.:/usr/share/php:/usr/share/pear') in /home/stu/gordon/public_html/cs224/resources.php on line 5
[01-Jan-2016 20:46:17 America/Los_Angeles] PHP Warning:  include(left.php): failed to open stream: No such file or directory in /home/stu/gordon/public_html/cs224/resources.php on line 61
[01-Jan-2016 20:46:17 America/Los_Angeles] PHP Warning:  include(): Failed opening 'left.php' for inclusion (include_path='.:/usr/share/php:/usr/share/pear') in /home/stu/gordon/public_html/cs224/resources.php on line 61
[01-Jan-2016 20:46:17 America/Los_Angeles] PHP Warning:  include(right.php): failed to open stream: No such file or directory in /home/stu/gordon/public_html/cs224/resources.php on line 64
[01-Jan-2016 20:46:17 America/Los_Angeles] PHP Warning:  include(): Failed opening 'right.php' for inclusion (include_path='.:/usr/share/php:/usr/share/pear') in /home/stu/gordon/public_html/cs224/resources.php on line 64
[01-Jan-2016 20:46:17 America/Los_Angeles] PHP Warning:  include(footer.php): failed to open stream: No such file or directory in /home/stu/gordon/public_html/cs224/resources.php on line 68
[01-Jan-2016 20:46:17 America/Los_Angeles] PHP Warning:  include(): Failed opening 'footer.php' for inclusion (include_path='.:/usr/share/php:/usr/share/pear') in /home/stu/gordon/public_html/cs224/resources.php on line 68
[02-Jan-2016 00:16:10 America/Los_Angeles] PHP Warning:  include(head.php): failed to open stream: No such file or directory in /home/stu/gordon/public_html/cs224/resources.php on line 5
[02-Jan-2016 00:16:10 America/Los_Angeles] PHP Warning:  include(): Failed opening 'head.php' for inclusion (include_path='.:/usr/share/php:/usr/share/pear') in /home/stu/gordon/public_html/cs224/resources.php on line 5
[02-Jan-2016 00:16:10 America/Los_Angeles] PHP Warning:  include(left.php): failed to open stream: No such file or directory in /home/stu/gordon/public_html/cs224/resources.php on line 61
[02-Jan-2016 00:16:10 America/Los_Angeles] PHP Warning:  include(): Failed opening 'left.php' for inclusion (include_path='.:/usr/share/php:/usr/share/pear') in /home/stu/gordon/public_html/cs224/resources.php on line 61
[02-Jan-2016 00:16:10 America/Los_Angeles] PHP Warning:  include(right.php): failed to open stream: No such file or directory in /home/stu/gordon/public_html/cs224/resources.php on line 64
[02-Jan-2016 00:16:10 America/Los_Angeles] PHP Warning:  include(): Failed opening 'right.php' for inclusion (include_path='.:/usr/share/php:/usr/share/pear') in /home/stu/gordon/public_html/cs224/resources.php on line 64
[02-Jan-2016 00:16:10 America/Los_Angeles] PHP Warning:  include(footer.php): failed to open stream: No such file or directory in /home/stu/gordon/public_html/cs224/resources.php on line 68
[02-Jan-2016 00:16:10 America/Los_Angeles] PHP Warning:  include(): Failed opening 'footer.php' for inclusion (include_path='.:/usr/share/php:/usr/share/pear') in /home/stu/gordon/public_html/cs224/resources.php on line 68
[02-Jan-2016 15:37:29 America/Los_Angeles] PHP Warning:  include(head.php): failed to open stream: No such file or directory in /home/stu/gordon/public_html/cs224/resources.php on line 5
[02-Jan-2016 15:37:29 America/Los_Angeles] PHP Warning:  include(): Failed opening 'head.php' for inclusion (include_path='.:/usr/share/php:/usr/share/pear') in /home/stu/gordon/public_html/cs224/resources.php on line 5
[02-Jan-2016 15:37:29 America/Los_Angeles] PHP Warning:  include(left.php): failed to open stream: No such file or directory in /home/stu/gordon/public_html/cs224/resources.php on line 61
[02-Jan-2016 15:37:29 America/Los_Angeles] PHP Warning:  include(): Failed opening 'left.php' for inclusion (include_path='.:/usr/share/php:/usr/share/pear') in /home/stu/gordon/public_html/cs224/resources.php on line 61
[02-Jan-2016 15:37:29 America/Los_Angeles] PHP Warning:  include(right.php): failed to open stream: No such file or directory in /home/stu/gordon/public_html/cs224/resources.php on line 64
[02-Jan-2016 15:37:29 America/Los_Angeles] PHP Warning:  include(): Failed opening 'right.php' for inclusion (include_path='.:/usr/share/php:/usr/share/pear') in /home/stu/gordon/public_html/cs224/resources.php on line 64
[02-Jan-2016 15:37:29 America/Los_Angeles] PHP Warning:  include(footer.php): failed to open stream: No such file or directory in /home/stu/gordon/public_html/cs224/resources.php on line 68
[02-Jan-2016 15:37:29 America/Los_Angeles] PHP Warning:  include(): Failed opening 'footer.php' for inclusion (include_path='.:/usr/share/php:/usr/share/pear') in /home/stu/gordon/public_html/cs224/resources.php on line 68
[02-Jan-2016 15:37:32 America/Los_Angeles] PHP Warning:  include(head.php): failed to open stream: No such file or directory in /home/stu/gordon/public_html/cs224/resources.php on line 5
[02-Jan-2016 15:37:32 America/Los_Angeles] PHP Warning:  include(): Failed opening 'head.php' for inclusion (include_path='.:/usr/share/php:/usr/share/pear') in /home/stu/gordon/public_html/cs224/resources.php on line 5
[02-Jan-2016 15:37:32 America/Los_Angeles] PHP Warning:  include(left.php): failed to open stream: No such file or directory in /home/stu/gordon/public_html/cs224/resources.php on line 61
[02-Jan-2016 15:37:32 America/Los_Angeles] PHP Warning:  include(): Failed opening 'left.php' for inclusion (include_path='.:/usr/share/php:/usr/share/pear') in /home/stu/gordon/public_html/cs224/resources.php on line 61
[02-Jan-2016 15:37:32 America/Los_Angeles] PHP Warning:  include(right.php): failed to open stream: No such file or directory in /home/stu/gordon/public_html/cs224/resources.php on line 64
[02-Jan-2016 15:37:32 America/Los_Angeles] PHP Warning:  include(): Failed opening 'right.php' for inclusion (include_path='.:/usr/share/php:/usr/share/pear') in /home/stu/gordon/public_html/cs224/resources.php on line 64
[02-Jan-2016 15:37:32 America/Los_Angeles] PHP Warning:  include(footer.php): failed to open stream: No such file or directory in /home/stu/gordon/public_html/cs224/resources.php on line 68
[02-Jan-2016 15:37:32 America/Los_Angeles] PHP Warning:  include(): Failed opening 'footer.php' for inclusion (include_path='.:/usr/share/php:/usr/share/pear') in /home/stu/gordon/public_html/cs224/resources.php on line 68
[02-Jan-2016 15:54:00 America/Los_Angeles] PHP Warning:  include(head.php): failed to open stream: No such file or directory in /home/stu/gordon/public_html/cs224/resources.php on line 5
[02-Jan-2016 15:54:00 America/Los_Angeles] PHP Warning:  include(): Failed opening 'head.php' for inclusion (include_path='.:/usr/share/php:/usr/share/pear') in /home/stu/gordon/public_html/cs224/resources.php on line 5
[02-Jan-2016 15:54:00 America/Los_Angeles] PHP Warning:  include(left.php): failed to open stream: No such file or directory in /home/stu/gordon/public_html/cs224/resources.php on line 61
[02-Jan-2016 15:54:00 America/Los_Angeles] PHP Warning:  include(): Failed opening 'left.php' for inclusion (include_path='.:/usr/share/php:/usr/share/pear') in /home/stu/gordon/public_html/cs224/resources.php on line 61
[02-Jan-2016 15:54:00 America/Los_Angeles] PHP Warning:  include(right.php): failed to open stream: No such file or directory in /home/stu/gordon/public_html/cs224/resources.php on line 64
[02-Jan-2016 15:54:00 America/Los_Angeles] PHP Warning:  include(): Failed opening 'right.php' for inclusion (include_path='.:/usr/share/php:/usr/share/pear') in /home/stu/gordon/public_html/cs224/resources.php on line 64
[02-Jan-2016 15:54:00 America/Los_Angeles] PHP Warning:  include(footer.php): failed to open stream: No such file or directory in /home/stu/gordon/public_html/cs224/resources.php on line 68
[02-Jan-2016 15:54:00 America/Los_Angeles] PHP Warning:  include(): Failed opening 'footer.php' for inclusion (include_path='.:/usr/share/php:/usr/share/pear') in /home/stu/gordon/public_html/cs224/resources.php on line 68
[02-Jan-2016 15:54:04 America/Los_Angeles] PHP Warning:  include(head.php): failed to open stream: No such file or directory in /home/stu/gordon/public_html/cs224/resources.php on line 5
[02-Jan-2016 15:54:04 America/Los_Angeles] PHP Warning:  include(): Failed opening 'head.php' for inclusion (include_path='.:/usr/share/php:/usr/share/pear') in /home/stu/gordon/public_html/cs224/resources.php on line 5
[02-Jan-2016 15:54:04 America/Los_Angeles] PHP Warning:  include(left.php): failed to open stream: No such file or directory in /home/stu/gordon/public_html/cs224/resources.php on line 61
[02-Jan-2016 15:54:04 America/Los_Angeles] PHP Warning:  include(): Failed opening 'left.php' for inclusion (include_path='.:/usr/share/php:/usr/share/pear') in /home/stu/gordon/public_html/cs224/resources.php on line 61
[02-Jan-2016 15:54:04 America/Los_Angeles] PHP Warning:  include(right.php): failed to open stream: No such file or directory in /home/stu/gordon/public_html/cs224/resources.php on line 64
[02-Jan-2016 15:54:04 America/Los_Angeles] PHP Warning:  include(): Failed opening 'right.php' for inclusion (include_path='.:/usr/share/php:/usr/share/pear') in /home/stu/gordon/public_html/cs224/resources.php on line 64
[02-Jan-2016 15:54:04 America/Los_Angeles] PHP Warning:  include(footer.php): failed to open stream: No such file or directory in /home/stu/gordon/public_html/cs224/resources.php on line 68
[02-Jan-2016 15:54:04 America/Los_Angeles] PHP Warning:  include(): Failed opening 'footer.php' for inclusion (include_path='.:/usr/share/php:/usr/share/pear') in /home/stu/gordon/public_html/cs224/resources.php on line 68
[02-Jan-2016 16:02:35 America/Los_Angeles] PHP Warning:  include(head.php): failed to open stream: No such file or directory in /home/stu/gordon/public_html/cs224/resources.php on line 5
[02-Jan-2016 16:02:35 America/Los_Angeles] PHP Warning:  include(): Failed opening 'head.php' for inclusion (include_path='.:/usr/share/php:/usr/share/pear') in /home/stu/gordon/public_html/cs224/resources.php on line 5
[02-Jan-2016 16:02:35 America/Los_Angeles] PHP Warning:  include(left.php): failed to open stream: No such file or directory in /home/stu/gordon/public_html/cs224/resources.php on line 61
[02-Jan-2016 16:02:35 America/Los_Angeles] PHP Warning:  include(): Failed opening 'left.php' for inclusion (include_path='.:/usr/share/php:/usr/share/pear') in /home/stu/gordon/public_html/cs224/resources.php on line 61
[02-Jan-2016 16:02:35 America/Los_Angeles] PHP Warning:  include(right.php): failed to open stream: No such file or directory in /home/stu/gordon/public_html/cs224/resources.php on line 64
[02-Jan-2016 16:02:35 America/Los_Angeles] PHP Warning:  include(): Failed opening 'right.php' for inclusion (include_path='.:/usr/share/php:/usr/share/pear') in /home/stu/gordon/public_html/cs224/resources.php on line 64
[02-Jan-2016 16:02:35 America/Los_Angeles] PHP Warning:  include(footer.php): failed to open stream: No such file or directory in /home/stu/gordon/public_html/cs224/resources.php on line 68
[02-Jan-2016 16:02:35 America/Los_Angeles] PHP Warning:  include(): Failed opening 'footer.php' for inclusion (include_path='.:/usr/share/php:/usr/share/pear') in /home/stu/gordon/public_html/cs224/resources.php on line 68
[02-Jan-2016 16:02:38 America/Los_Angeles] PHP Warning:  include(head.php): failed to open stream: No such file or directory in /home/stu/gordon/public_html/cs224/resources.php on line 5
[02-Jan-2016 16:02:38 America/Los_Angeles] PHP Warning:  include(): Failed opening 'head.php' for inclusion (include_path='.:/usr/share/php:/usr/share/pear') in /home/stu/gordon/public_html/cs224/resources.php on line 5
[02-Jan-2016 16:02:38 America/Los_Angeles] PHP Warning:  include(left.php): failed to open stream: No such file or directory in /home/stu/gordon/public_html/cs224/resources.php on line 61
[02-Jan-2016 16:02:38 America/Los_Angeles] PHP Warning:  include(): Failed opening 'left.php' for inclusion (include_path='.:/usr/share/php:/usr/share/pear') in /home/stu/gordon/public_html/cs224/resources.php on line 61
[02-Jan-2016 16:02:38 America/Los_Angeles] PHP Warning:  include(right.php): failed to open stream: No such file or directory in /home/stu/gordon/public_html/cs224/resources.php on line 64
[02-Jan-2016 16:02:38 America/Los_Angeles] PHP Warning:  include(): Failed opening 'right.php' for inclusion (include_path='.:/usr/share/php:/usr/share/pear') in /home/stu/gordon/public_html/cs224/resources.php on line 64
[02-Jan-2016 16:02:38 America/Los_Angeles] PHP Warning:  include(footer.php): failed to open stream: No such file or directory in /home/stu/gordon/public_html/cs224/resources.php on line 68
[02-Jan-2016 16:02:38 America/Los_Angeles] PHP Warning:  include(): Failed opening 'footer.php' for inclusion (include_path='.:/usr/share/php:/usr/share/pear') in /home/stu/gordon/public_html/cs224/resources.php on line 68
[04-Jan-2016 12:10:48 America/Los_Angeles] PHP Warning:  include(head.php): failed to open stream: No such file or directory in /home/stu/gordon/public_html/cs224/resources.php on line 5
[04-Jan-2016 12:10:48 America/Los_Angeles] PHP Warning:  include(): Failed opening 'head.php' for inclusion (include_path='.:/usr/share/php:/usr/share/pear') in /home/stu/gordon/public_html/cs224/resources.php on line 5
[04-Jan-2016 12:10:48 America/Los_Angeles] PHP Warning:  include(left.php): failed to open stream: No such file or directory in /home/stu/gordon/public_html/cs224/resources.php on line 61
[04-Jan-2016 12:10:48 America/Los_Angeles] PHP Warning:  include(): Failed opening 'left.php' for inclusion (include_path='.:/usr/share/php:/usr/share/pear') in /home/stu/gordon/public_html/cs224/resources.php on line 61
[04-Jan-2016 12:10:48 America/Los_Angeles] PHP Warning:  include(right.php): failed to open stream: No such file or directory in /home/stu/gordon/public_html/cs224/resources.php on line 64
[04-Jan-2016 12:10:48 America/Los_Angeles] PHP Warning:  include(): Failed opening 'right.php' for inclusion (include_path='.:/usr/share/php:/usr/share/pear') in /home/stu/gordon/public_html/cs224/resources.php on line 64
[04-Jan-2016 12:10:48 America/Los_Angeles] PHP Warning:  include(footer.php): failed to open stream: No such file or directory in /home/stu/gordon/public_html/cs224/resources.php on line 68
[04-Jan-2016 12:10:48 America/Los_Angeles] PHP Warning:  include(): Failed opening 'footer.php' for inclusion (include_path='.:/usr/share/php:/usr/share/pear') in /home/stu/gordon/public_html/cs224/resources.php on line 68
[08-Jan-2016 04:05:24 America/Los_Angeles] PHP Warning:  include(head.php): failed to open stream: No such file or directory in /home/stu/gordon/public_html/cs224/resources.php on line 5
[08-Jan-2016 04:05:24 America/Los_Angeles] PHP Warning:  include(): Failed opening 'head.php' for inclusion (include_path='.:/usr/share/php:/usr/share/pear') in /home/stu/gordon/public_html/cs224/resources.php on line 5
[08-Jan-2016 04:05:24 America/Los_Angeles] PHP Warning:  include(left.php): failed to open stream: No such file or directory in /home/stu/gordon/public_html/cs224/resources.php on line 61
[08-Jan-2016 04:05:24 America/Los_Angeles] PHP Warning:  include(): Failed opening 'left.php' for inclusion (include_path='.:/usr/share/php:/usr/share/pear') in /home/stu/gordon/public_html/cs224/resources.php on line 61
[08-Jan-2016 04:05:24 America/Los_Angeles] PHP Warning:  include(right.php): failed to open stream: No such file or directory in /home/stu/gordon/public_html/cs224/resources.php on line 64
[08-Jan-2016 04:05:24 America/Los_Angeles] PHP Warning:  include(): Failed opening 'right.php' for inclusion (include_path='.:/usr/share/php:/usr/share/pear') in /home/stu/gordon/public_html/cs224/resources.php on line 64
[08-Jan-2016 04:05:24 America/Los_Angeles] PHP Warning:  include(footer.php): failed to open stream: No such file or directory in /home/stu/gordon/public_html/cs224/resources.php on line 68
[08-Jan-2016 04:05:24 America/Los_Angeles] PHP Warning:  include(): Failed opening 'footer.php' for inclusion (include_path='.:/usr/share/php:/usr/share/pear') in /home/stu/gordon/public_html/cs224/resources.php on line 68
[10-Jan-2016 08:47:07 America/Los_Angeles] PHP Warning:  include(head.php): failed to open stream: No such file or directory in /home/stu/gordon/public_html/cs224/resources.php on line 5
[10-Jan-2016 08:47:07 America/Los_Angeles] PHP Warning:  include(): Failed opening 'head.php' for inclusion (include_path='.:/usr/share/php:/usr/share/pear') in /home/stu/gordon/public_html/cs224/resources.php on line 5
[10-Jan-2016 08:47:07 America/Los_Angeles] PHP Warning:  include(left.php): failed to open stream: No such file or directory in /home/stu/gordon/public_html/cs224/resources.php on line 61
[10-Jan-2016 08:47:07 America/Los_Angeles] PHP Warning:  include(): Failed opening 'left.php' for inclusion (include_path='.:/usr/share/php:/usr/share/pear') in /home/stu/gordon/public_html/cs224/resources.php on line 61
[10-Jan-2016 08:47:07 America/Los_Angeles] PHP Warning:  include(right.php): failed to open stream: No such file or directory in /home/stu/gordon/public_html/cs224/resources.php on line 64
[10-Jan-2016 08:47:07 America/Los_Angeles] PHP Warning:  include(): Failed opening 'right.php' for inclusion (include_path='.:/usr/share/php:/usr/share/pear') in /home/stu/gordon/public_html/cs224/resources.php on line 64
[10-Jan-2016 08:47:07 America/Los_Angeles] PHP Warning:  include(footer.php): failed to open stream: No such file or directory in /home/stu/gordon/public_html/cs224/resources.php on line 68
[10-Jan-2016 08:47:07 America/Los_Angeles] PHP Warning:  include(): Failed opening 'footer.php' for inclusion (include_path='.:/usr/share/php:/usr/share/pear') in /home/stu/gordon/public_html/cs224/resources.php on line 68
[13-Jan-2016 00:49:13 America/Los_Angeles] PHP Warning:  include(head.php): failed to open stream: No such file or directory in /home/stu/gordon/public_html/cs224/resources.php on line 5
[13-Jan-2016 00:49:13 America/Los_Angeles] PHP Warning:  include(): Failed opening 'head.php' for inclusion (include_path='.:/usr/share/php:/usr/share/pear') in /home/stu/gordon/public_html/cs224/resources.php on line 5
[13-Jan-2016 00:49:13 America/Los_Angeles] PHP Warning:  include(left.php): failed to open stream: No such file or directory in /home/stu/gordon/public_html/cs224/resources.php on line 61
[13-Jan-2016 00:49:13 America/Los_Angeles] PHP Warning:  include(): Failed opening 'left.php' for inclusion (include_path='.:/usr/share/php:/usr/share/pear') in /home/stu/gordon/public_html/cs224/resources.php on line 61
[13-Jan-2016 00:49:13 America/Los_Angeles] PHP Warning:  include(right.php): failed to open stream: No such file or directory in /home/stu/gordon/public_html/cs224/resources.php on line 64
[13-Jan-2016 00:49:13 America/Los_Angeles] PHP Warning:  include(): Failed opening 'right.php' for inclusion (include_path='.:/usr/share/php:/usr/share/pear') in /home/stu/gordon/public_html/cs224/resources.php on line 64
[13-Jan-2016 00:49:13 America/Los_Angeles] PHP Warning:  include(footer.php): failed to open stream: No such file or directory in /home/stu/gordon/public_html/cs224/resources.php on line 68
[13-Jan-2016 00:49:13 America/Los_Angeles] PHP Warning:  include(): Failed opening 'footer.php' for inclusion (include_path='.:/usr/share/php:/usr/share/pear') in /home/stu/gordon/public_html/cs224/resources.php on line 68
[13-Jan-2016 00:49:15 America/Los_Angeles] PHP Warning:  include(head.php): failed to open stream: No such file or directory in /home/stu/gordon/public_html/cs224/resources.php on line 5
[13-Jan-2016 00:49:15 America/Los_Angeles] PHP Warning:  include(): Failed opening 'head.php' for inclusion (include_path='.:/usr/share/php:/usr/share/pear') in /home/stu/gordon/public_html/cs224/resources.php on line 5
[13-Jan-2016 00:49:15 America/Los_Angeles] PHP Warning:  include(left.php): failed to open stream: No such file or directory in /home/stu/gordon/public_html/cs224/resources.php on line 61
[13-Jan-2016 00:49:15 America/Los_Angeles] PHP Warning:  include(): Failed opening 'left.php' for inclusion (include_path='.:/usr/share/php:/usr/share/pear') in /home/stu/gordon/public_html/cs224/resources.php on line 61
[13-Jan-2016 00:49:15 America/Los_Angeles] PHP Warning:  include(right.php): failed to open stream: No such file or directory in /home/stu/gordon/public_html/cs224/resources.php on line 64
[13-Jan-2016 00:49:15 America/Los_Angeles] PHP Warning:  include(): Failed opening 'right.php' for inclusion (include_path='.:/usr/share/php:/usr/share/pear') in /home/stu/gordon/public_html/cs224/resources.php on line 64
[13-Jan-2016 00:49:15 America/Los_Angeles] PHP Warning:  include(footer.php): failed to open stream: No such file or directory in /home/stu/gordon/public_html/cs224/resources.php on line 68
[13-Jan-2016 00:49:15 America/Los_Angeles] PHP Warning:  include(): Failed opening 'footer.php' for inclusion (include_path='.:/usr/share/php:/usr/share/pear') in /home/stu/gordon/public_html/cs224/resources.php on line 68
[13-Jan-2016 02:54:13 America/Los_Angeles] PHP Warning:  include(head.php): failed to open stream: No such file or directory in /home/stu/gordon/public_html/cs224/resources.php on line 5
[13-Jan-2016 02:54:13 America/Los_Angeles] PHP Warning:  include(): Failed opening 'head.php' for inclusion (include_path='.:/usr/share/php:/usr/share/pear') in /home/stu/gordon/public_html/cs224/resources.php on line 5
[13-Jan-2016 02:54:13 America/Los_Angeles] PHP Warning:  include(left.php): failed to open stream: No such file or directory in /home/stu/gordon/public_html/cs224/resources.php on line 61
[13-Jan-2016 02:54:13 America/Los_Angeles] PHP Warning:  include(): Failed opening 'left.php' for inclusion (include_path='.:/usr/share/php:/usr/share/pear') in /home/stu/gordon/public_html/cs224/resources.php on line 61
[13-Jan-2016 02:54:13 America/Los_Angeles] PHP Warning:  include(right.php): failed to open stream: No such file or directory in /home/stu/gordon/public_html/cs224/resources.php on line 64
[13-Jan-2016 02:54:13 America/Los_Angeles] PHP Warning:  include(): Failed opening 'right.php' for inclusion (include_path='.:/usr/share/php:/usr/share/pear') in /home/stu/gordon/public_html/cs224/resources.php on line 64
[13-Jan-2016 02:54:13 America/Los_Angeles] PHP Warning:  include(footer.php): failed to open stream: No such file or directory in /home/stu/gordon/public_html/cs224/resources.php on line 68
[13-Jan-2016 02:54:13 America/Los_Angeles] PHP Warning:  include(): Failed opening 'footer.php' for inclusion (include_path='.:/usr/share/php:/usr/share/pear') in /home/stu/gordon/public_html/cs224/resources.php on line 68
[13-Jan-2016 21:58:14 America/Los_Angeles] PHP Warning:  include(head.php): failed to open stream: No such file or directory in /home/stu/gordon/public_html/cs224/resources.php on line 5
[13-Jan-2016 21:58:14 America/Los_Angeles] PHP Warning:  include(): Failed opening 'head.php' for inclusion (include_path='.:/usr/share/php:/usr/share/pear') in /home/stu/gordon/public_html/cs224/resources.php on line 5
[13-Jan-2016 21:58:14 America/Los_Angeles] PHP Warning:  include(left.php): failed to open stream: No such file or directory in /home/stu/gordon/public_html/cs224/resources.php on line 61
[13-Jan-2016 21:58:14 America/Los_Angeles] PHP Warning:  include(): Failed opening 'left.php' for inclusion (include_path='.:/usr/share/php:/usr/share/pear') in /home/stu/gordon/public_html/cs224/resources.php on line 61
[13-Jan-2016 21:58:14 America/Los_Angeles] PHP Warning:  include(right.php): failed to open stream: No such file or directory in /home/stu/gordon/public_html/cs224/resources.php on line 64
[13-Jan-2016 21:58:14 America/Los_Angeles] PHP Warning:  include(): Failed opening 'right.php' for inclusion (include_path='.:/usr/share/php:/usr/share/pear') in /home/stu/gordon/public_html/cs224/resources.php on line 64
[13-Jan-2016 21:58:14 America/Los_Angeles] PHP Warning:  include(footer.php): failed to open stream: No such file or directory in /home/stu/gordon/public_html/cs224/resources.php on line 68
[13-Jan-2016 21:58:14 America/Los_Angeles] PHP Warning:  include(): Failed opening 'footer.php' for inclusion (include_path='.:/usr/share/php:/usr/share/pear') in /home/stu/gordon/public_html/cs224/resources.php on line 68
[13-Jan-2016 21:58:15 America/Los_Angeles] PHP Warning:  include(head.php): failed to open stream: No such file or directory in /home/stu/gordon/public_html/cs224/resources.php on line 5
[13-Jan-2016 21:58:15 America/Los_Angeles] PHP Warning:  include(): Failed opening 'head.php' for inclusion (include_path='.:/usr/share/php:/usr/share/pear') in /home/stu/gordon/public_html/cs224/resources.php on line 5
[13-Jan-2016 21:58:15 America/Los_Angeles] PHP Warning:  include(left.php): failed to open stream: No such file or directory in /home/stu/gordon/public_html/cs224/resources.php on line 61
[13-Jan-2016 21:58:15 America/Los_Angeles] PHP Warning:  include(): Failed opening 'left.php' for inclusion (include_path='.:/usr/share/php:/usr/share/pear') in /home/stu/gordon/public_html/cs224/resources.php on line 61
[13-Jan-2016 21:58:15 America/Los_Angeles] PHP Warning:  include(right.php): failed to open stream: No such file or directory in /home/stu/gordon/public_html/cs224/resources.php on line 64
[13-Jan-2016 21:58:15 America/Los_Angeles] PHP Warning:  include(): Failed opening 'right.php' for inclusion (include_path='.:/usr/share/php:/usr/share/pear') in /home/stu/gordon/public_html/cs224/resources.php on line 64
[13-Jan-2016 21:58:15 America/Los_Angeles] PHP Warning:  include(footer.php): failed to open stream: No such file or directory in /home/stu/gordon/public_html/cs224/resources.php on line 68
[13-Jan-2016 21:58:15 America/Los_Angeles] PHP Warning:  include(): Failed opening 'footer.php' for inclusion (include_path='.:/usr/share/php:/usr/share/pear') in /home/stu/gordon/public_html/cs224/resources.php on line 68
[17-Jan-2016 12:39:00 America/Los_Angeles] PHP Warning:  include(head.php): failed to open stream: No such file or directory in /home/stu/gordon/public_html/cs224/resources.php on line 5
[17-Jan-2016 12:39:00 America/Los_Angeles] PHP Warning:  include(): Failed opening 'head.php' for inclusion (include_path='.:/usr/share/php:/usr/share/pear') in /home/stu/gordon/public_html/cs224/resources.php on line 5
[17-Jan-2016 12:39:00 America/Los_Angeles] PHP Warning:  include(left.php): failed to open stream: No such file or directory in /home/stu/gordon/public_html/cs224/resources.php on line 61
[17-Jan-2016 12:39:00 America/Los_Angeles] PHP Warning:  include(): Failed opening 'left.php' for inclusion (include_path='.:/usr/share/php:/usr/share/pear') in /home/stu/gordon/public_html/cs224/resources.php on line 61
[17-Jan-2016 12:39:00 America/Los_Angeles] PHP Warning:  include(right.php): failed to open stream: No such file or directory in /home/stu/gordon/public_html/cs224/resources.php on line 64
[17-Jan-2016 12:39:00 America/Los_Angeles] PHP Warning:  include(): Failed opening 'right.php' for inclusion (include_path='.:/usr/share/php:/usr/share/pear') in /home/stu/gordon/public_html/cs224/resources.php on line 64
[17-Jan-2016 12:39:00 America/Los_Angeles] PHP Warning:  include(footer.php): failed to open stream: No such file or directory in /home/stu/gordon/public_html/cs224/resources.php on line 68
[17-Jan-2016 12:39:00 America/Los_Angeles] PHP Warning:  include(): Failed opening 'footer.php' for inclusion (include_path='.:/usr/share/php:/usr/share/pear') in /home/stu/gordon/public_html/cs224/resources.php on line 68
[18-Jan-2016 00:39:52 America/Los_Angeles] PHP Warning:  include(head.php): failed to open stream: No such file or directory in /home/stu/gordon/public_html/cs224/resources.php on line 5
[18-Jan-2016 00:39:52 America/Los_Angeles] PHP Warning:  include(): Failed opening 'head.php' for inclusion (include_path='.:/usr/share/php:/usr/share/pear') in /home/stu/gordon/public_html/cs224/resources.php on line 5
[18-Jan-2016 00:39:52 America/Los_Angeles] PHP Warning:  include(left.php): failed to open stream: No such file or directory in /home/stu/gordon/public_html/cs224/resources.php on line 61
[18-Jan-2016 00:39:52 America/Los_Angeles] PHP Warning:  include(): Failed opening 'left.php' for inclusion (include_path='.:/usr/share/php:/usr/share/pear') in /home/stu/gordon/public_html/cs224/resources.php on line 61
[18-Jan-2016 00:39:52 America/Los_Angeles] PHP Warning:  include(right.php): failed to open stream: No such file or directory in /home/stu/gordon/public_html/cs224/resources.php on line 64
[18-Jan-2016 00:39:52 America/Los_Angeles] PHP Warning:  include(): Failed opening 'right.php' for inclusion (include_path='.:/usr/share/php:/usr/share/pear') in /home/stu/gordon/public_html/cs224/resources.php on line 64
[18-Jan-2016 00:39:52 America/Los_Angeles] PHP Warning:  include(footer.php): failed to open stream: No such file or directory in /home/stu/gordon/public_html/cs224/resources.php on line 68
[18-Jan-2016 00:39:52 America/Los_Angeles] PHP Warning:  include(): Failed opening 'footer.php' for inclusion (include_path='.:/usr/share/php:/usr/share/pear') in /home/stu/gordon/public_html/cs224/resources.php on line 68
[19-Jan-2016 21:15:46 America/Los_Angeles] PHP Warning:  include(head.php): failed to open stream: No such file or directory in /home/stu/gordon/public_html/cs224/resources.php on line 5
[19-Jan-2016 21:15:46 America/Los_Angeles] PHP Warning:  include(): Failed opening 'head.php' for inclusion (include_path='.:/usr/share/php:/usr/share/pear') in /home/stu/gordon/public_html/cs224/resources.php on line 5
[19-Jan-2016 21:15:46 America/Los_Angeles] PHP Warning:  include(left.php): failed to open stream: No such file or directory in /home/stu/gordon/public_html/cs224/resources.php on line 61
[19-Jan-2016 21:15:46 America/Los_Angeles] PHP Warning:  include(): Failed opening 'left.php' for inclusion (include_path='.:/usr/share/php:/usr/share/pear') in /home/stu/gordon/public_html/cs224/resources.php on line 61
[19-Jan-2016 21:15:46 America/Los_Angeles] PHP Warning:  include(right.php): failed to open stream: No such file or directory in /home/stu/gordon/public_html/cs224/resources.php on line 64
[19-Jan-2016 21:15:46 America/Los_Angeles] PHP Warning:  include(): Failed opening 'right.php' for inclusion (include_path='.:/usr/share/php:/usr/share/pear') in /home/stu/gordon/public_html/cs224/resources.php on line 64
[19-Jan-2016 21:15:46 America/Los_Angeles] PHP Warning:  include(footer.php): failed to open stream: No such file or directory in /home/stu/gordon/public_html/cs224/resources.php on line 68
[19-Jan-2016 21:15:46 America/Los_Angeles] PHP Warning:  include(): Failed opening 'footer.php' for inclusion (include_path='.:/usr/share/php:/usr/share/pear') in /home/stu/gordon/public_html/cs224/resources.php on line 68
[25-Jan-2016 16:43:59 America/Los_Angeles] PHP Warning:  include(head.php): failed to open stream: No such file or directory in /home/stu/gordon/public_html/cs224/resources.php on line 5
[25-Jan-2016 16:43:59 America/Los_Angeles] PHP Warning:  include(): Failed opening 'head.php' for inclusion (include_path='.:/usr/share/php:/usr/share/pear') in /home/stu/gordon/public_html/cs224/resources.php on line 5
[25-Jan-2016 16:43:59 America/Los_Angeles] PHP Warning:  include(left.php): failed to open stream: No such file or directory in /home/stu/gordon/public_html/cs224/resources.php on line 61
[25-Jan-2016 16:43:59 America/Los_Angeles] PHP Warning:  include(): Failed opening 'left.php' for inclusion (include_path='.:/usr/share/php:/usr/share/pear') in /home/stu/gordon/public_html/cs224/resources.php on line 61
[25-Jan-2016 16:43:59 America/Los_Angeles] PHP Warning:  include(right.php): failed to open stream: No such file or directory in /home/stu/gordon/public_html/cs224/resources.php on line 64
[25-Jan-2016 16:43:59 America/Los_Angeles] PHP Warning:  include(): Failed opening 'right.php' for inclusion (include_path='.:/usr/share/php:/usr/share/pear') in /home/stu/gordon/public_html/cs224/resources.php on line 64
[25-Jan-2016 16:43:59 America/Los_Angeles] PHP Warning:  include(footer.php): failed to open stream: No such file or directory in /home/stu/gordon/public_html/cs224/resources.php on line 68
[25-Jan-2016 16:43:59 America/Los_Angeles] PHP Warning:  include(): Failed opening 'footer.php' for inclusion (include_path='.:/usr/share/php:/usr/share/pear') in /home/stu/gordon/public_html/cs224/resources.php on line 68
[26-Jan-2016 02:49:31 America/Los_Angeles] PHP Warning:  include(head.php): failed to open stream: No such file or directory in /home/stu/gordon/public_html/cs224/resources.php on line 5
[26-Jan-2016 02:49:31 America/Los_Angeles] PHP Warning:  include(): Failed opening 'head.php' for inclusion (include_path='.:/usr/share/php:/usr/share/pear') in /home/stu/gordon/public_html/cs224/resources.php on line 5
[26-Jan-2016 02:49:31 America/Los_Angeles] PHP Warning:  include(left.php): failed to open stream: No such file or directory in /home/stu/gordon/public_html/cs224/resources.php on line 61
[26-Jan-2016 02:49:31 America/Los_Angeles] PHP Warning:  include(): Failed opening 'left.php' for inclusion (include_path='.:/usr/share/php:/usr/share/pear') in /home/stu/gordon/public_html/cs224/resources.php on line 61
[26-Jan-2016 02:49:31 America/Los_Angeles] PHP Warning:  include(right.php): failed to open stream: No such file or directory in /home/stu/gordon/public_html/cs224/resources.php on line 64
[26-Jan-2016 02:49:31 America/Los_Angeles] PHP Warning:  include(): Failed opening 'right.php' for inclusion (include_path='.:/usr/share/php:/usr/share/pear') in /home/stu/gordon/public_html/cs224/resources.php on line 64
[26-Jan-2016 02:49:31 America/Los_Angeles] PHP Warning:  include(footer.php): failed to open stream: No such file or directory in /home/stu/gordon/public_html/cs224/resources.php on line 68
[26-Jan-2016 02:49:31 America/Los_Angeles] PHP Warning:  include(): Failed opening 'footer.php' for inclusion (include_path='.:/usr/share/php:/usr/share/pear') in /home/stu/gordon/public_html/cs224/resources.php on line 68
[26-Jan-2016 02:49:31 America/Los_Angeles] PHP Warning:  include(head.php): failed to open stream: No such file or directory in /home/stu/gordon/public_html/cs224/resources.php on line 5
[26-Jan-2016 02:49:31 America/Los_Angeles] PHP Warning:  include(): Failed opening 'head.php' for inclusion (include_path='.:/usr/share/php:/usr/share/pear') in /home/stu/gordon/public_html/cs224/resources.php on line 5
[26-Jan-2016 02:49:31 America/Los_Angeles] PHP Warning:  include(left.php): failed to open stream: No such file or directory in /home/stu/gordon/public_html/cs224/resources.php on line 61
[26-Jan-2016 02:49:31 America/Los_Angeles] PHP Warning:  include(): Failed opening 'left.php' for inclusion (include_path='.:/usr/share/php:/usr/share/pear') in /home/stu/gordon/public_html/cs224/resources.php on line 61
[26-Jan-2016 02:49:31 America/Los_Angeles] PHP Warning:  include(right.php): failed to open stream: No such file or directory in /home/stu/gordon/public_html/cs224/resources.php on line 64
[26-Jan-2016 02:49:31 America/Los_Angeles] PHP Warning:  include(): Failed opening 'right.php' for inclusion (include_path='.:/usr/share/php:/usr/share/pear') in /home/stu/gordon/public_html/cs224/resources.php on line 64
[26-Jan-2016 02:49:31 America/Los_Angeles] PHP Warning:  include(footer.php): failed to open stream: No such file or directory in /home/stu/gordon/public_html/cs224/resources.php on line 68
[26-Jan-2016 02:49:31 America/Los_Angeles] PHP Warning:  include(): Failed opening 'footer.php' for inclusion (include_path='.:/usr/share/php:/usr/share/pear') in /home/stu/gordon/public_html/cs224/resources.php on line 68
[02-Feb-2016 08:39:04 America/Los_Angeles] PHP Warning:  include(head.php): failed to open stream: No such file or directory in /home/stu/gordon/public_html/cs224/resources.php on line 5
[02-Feb-2016 08:39:04 America/Los_Angeles] PHP Warning:  include(): Failed opening 'head.php' for inclusion (include_path='.:/usr/share/php:/usr/share/pear') in /home/stu/gordon/public_html/cs224/resources.php on line 5
[02-Feb-2016 08:39:04 America/Los_Angeles] PHP Warning:  include(left.php): failed to open stream: No such file or directory in /home/stu/gordon/public_html/cs224/resources.php on line 61
[02-Feb-2016 08:39:04 America/Los_Angeles] PHP Warning:  include(): Failed opening 'left.php' for inclusion (include_path='.:/usr/share/php:/usr/share/pear') in /home/stu/gordon/public_html/cs224/resources.php on line 61
[02-Feb-2016 08:39:04 America/Los_Angeles] PHP Warning:  include(right.php): failed to open stream: No such file or directory in /home/stu/gordon/public_html/cs224/resources.php on line 64
[02-Feb-2016 08:39:04 America/Los_Angeles] PHP Warning:  include(): Failed opening 'right.php' for inclusion (include_path='.:/usr/share/php:/usr/share/pear') in /home/stu/gordon/public_html/cs224/resources.php on line 64
[02-Feb-2016 08:39:04 America/Los_Angeles] PHP Warning:  include(footer.php): failed to open stream: No such file or directory in /home/stu/gordon/public_html/cs224/resources.php on line 68
[02-Feb-2016 08:39:04 America/Los_Angeles] PHP Warning:  include(): Failed opening 'footer.php' for inclusion (include_path='.:/usr/share/php:/usr/share/pear') in /home/stu/gordon/public_html/cs224/resources.php on line 68
[10-Feb-2016 04:50:01 America/Los_Angeles] PHP Warning:  include(head.php): failed to open stream: No such file or directory in /home/stu/gordon/public_html/cs224/resources.php on line 5
[10-Feb-2016 04:50:01 America/Los_Angeles] PHP Warning:  include(): Failed opening 'head.php' for inclusion (include_path='.:/usr/share/php:/usr/share/pear') in /home/stu/gordon/public_html/cs224/resources.php on line 5
[10-Feb-2016 04:50:01 America/Los_Angeles] PHP Warning:  include(left.php): failed to open stream: No such file or directory in /home/stu/gordon/public_html/cs224/resources.php on line 61
[10-Feb-2016 04:50:01 America/Los_Angeles] PHP Warning:  include(): Failed opening 'left.php' for inclusion (include_path='.:/usr/share/php:/usr/share/pear') in /home/stu/gordon/public_html/cs224/resources.php on line 61
[10-Feb-2016 04:50:01 America/Los_Angeles] PHP Warning:  include(right.php): failed to open stream: No such file or directory in /home/stu/gordon/public_html/cs224/resources.php on line 64
[10-Feb-2016 04:50:01 America/Los_Angeles] PHP Warning:  include(): Failed opening 'right.php' for inclusion (include_path='.:/usr/share/php:/usr/share/pear') in /home/stu/gordon/public_html/cs224/resources.php on line 64
[10-Feb-2016 04:50:01 America/Los_Angeles] PHP Warning:  include(footer.php): failed to open stream: No such file or directory in /home/stu/gordon/public_html/cs224/resources.php on line 68
[10-Feb-2016 04:50:01 America/Los_Angeles] PHP Warning:  include(): Failed opening 'footer.php' for inclusion (include_path='.:/usr/share/php:/usr/share/pear') in /home/stu/gordon/public_html/cs224/resources.php on line 68
[11-Feb-2016 10:47:13 America/Los_Angeles] PHP Warning:  include(head.php): failed to open stream: No such file or directory in /home/stu/gordon/public_html/cs224/resources.php on line 5
[11-Feb-2016 10:47:13 America/Los_Angeles] PHP Warning:  include(): Failed opening 'head.php' for inclusion (include_path='.:/usr/share/php:/usr/share/pear') in /home/stu/gordon/public_html/cs224/resources.php on line 5
[11-Feb-2016 10:47:13 America/Los_Angeles] PHP Warning:  include(left.php): failed to open stream: No such file or directory in /home/stu/gordon/public_html/cs224/resources.php on line 61
[11-Feb-2016 10:47:13 America/Los_Angeles] PHP Warning:  include(): Failed opening 'left.php' for inclusion (include_path='.:/usr/share/php:/usr/share/pear') in /home/stu/gordon/public_html/cs224/resources.php on line 61
[11-Feb-2016 10:47:13 America/Los_Angeles] PHP Warning:  include(right.php): failed to open stream: No such file or directory in /home/stu/gordon/public_html/cs224/resources.php on line 64
[11-Feb-2016 10:47:13 America/Los_Angeles] PHP Warning:  include(): Failed opening 'right.php' for inclusion (include_path='.:/usr/share/php:/usr/share/pear') in /home/stu/gordon/public_html/cs224/resources.php on line 64
[11-Feb-2016 10:47:13 America/Los_Angeles] PHP Warning:  include(footer.php): failed to open stream: No such file or directory in /home/stu/gordon/public_html/cs224/resources.php on line 68
[11-Feb-2016 10:47:13 America/Los_Angeles] PHP Warning:  include(): Failed opening 'footer.php' for inclusion (include_path='.:/usr/share/php:/usr/share/pear') in /home/stu/gordon/public_html/cs224/resources.php on line 68
[13-Feb-2016 16:42:34 America/Los_Angeles] PHP Warning:  include(head.php): failed to open stream: No such file or directory in /home/stu/gordon/public_html/cs224/resources.php on line 5
[13-Feb-2016 16:42:34 America/Los_Angeles] PHP Warning:  include(): Failed opening 'head.php' for inclusion (include_path='.:/usr/share/php:/usr/share/pear') in /home/stu/gordon/public_html/cs224/resources.php on line 5
[13-Feb-2016 16:42:34 America/Los_Angeles] PHP Warning:  include(left.php): failed to open stream: No such file or directory in /home/stu/gordon/public_html/cs224/resources.php on line 61
[13-Feb-2016 16:42:34 America/Los_Angeles] PHP Warning:  include(): Failed opening 'left.php' for inclusion (include_path='.:/usr/share/php:/usr/share/pear') in /home/stu/gordon/public_html/cs224/resources.php on line 61
[13-Feb-2016 16:42:34 America/Los_Angeles] PHP Warning:  include(right.php): failed to open stream: No such file or directory in /home/stu/gordon/public_html/cs224/resources.php on line 64
[13-Feb-2016 16:42:34 America/Los_Angeles] PHP Warning:  include(): Failed opening 'right.php' for inclusion (include_path='.:/usr/share/php:/usr/share/pear') in /home/stu/gordon/public_html/cs224/resources.php on line 64
[13-Feb-2016 16:42:34 America/Los_Angeles] PHP Warning:  include(footer.php): failed to open stream: No such file or directory in /home/stu/gordon/public_html/cs224/resources.php on line 68
[13-Feb-2016 16:42:34 America/Los_Angeles] PHP Warning:  include(): Failed opening 'footer.php' for inclusion (include_path='.:/usr/share/php:/usr/share/pear') in /home/stu/gordon/public_html/cs224/resources.php on line 68
[21-Feb-2016 08:41:43 America/Los_Angeles] PHP Warning:  include(head.php): failed to open stream: No such file or directory in /home/stu/gordon/public_html/cs224/resources.php on line 5
[21-Feb-2016 08:41:43 America/Los_Angeles] PHP Warning:  include(): Failed opening 'head.php' for inclusion (include_path='.:/usr/share/php:/usr/share/pear') in /home/stu/gordon/public_html/cs224/resources.php on line 5
[21-Feb-2016 08:41:43 America/Los_Angeles] PHP Warning:  include(left.php): failed to open stream: No such file or directory in /home/stu/gordon/public_html/cs224/resources.php on line 61
[21-Feb-2016 08:41:43 America/Los_Angeles] PHP Warning:  include(): Failed opening 'left.php' for inclusion (include_path='.:/usr/share/php:/usr/share/pear') in /home/stu/gordon/public_html/cs224/resources.php on line 61
[21-Feb-2016 08:41:43 America/Los_Angeles] PHP Warning:  include(right.php): failed to open stream: No such file or directory in /home/stu/gordon/public_html/cs224/resources.php on line 64
[21-Feb-2016 08:41:43 America/Los_Angeles] PHP Warning:  include(): Failed opening 'right.php' for inclusion (include_path='.:/usr/share/php:/usr/share/pear') in /home/stu/gordon/public_html/cs224/resources.php on line 64
[21-Feb-2016 08:41:43 America/Los_Angeles] PHP Warning:  include(footer.php): failed to open stream: No such file or directory in /home/stu/gordon/public_html/cs224/resources.php on line 68
[21-Feb-2016 08:41:43 America/Los_Angeles] PHP Warning:  include(): Failed opening 'footer.php' for inclusion (include_path='.:/usr/share/php:/usr/share/pear') in /home/stu/gordon/public_html/cs224/resources.php on line 68
[29-Feb-2016 00:45:23 America/Los_Angeles] PHP Warning:  include(head.php): failed to open stream: No such file or directory in /home/stu/gordon/public_html/cs224/resources.php on line 5
[29-Feb-2016 00:45:23 America/Los_Angeles] PHP Warning:  include(): Failed opening 'head.php' for inclusion (include_path='.:/usr/share/php:/usr/share/pear') in /home/stu/gordon/public_html/cs224/resources.php on line 5
[29-Feb-2016 00:45:23 America/Los_Angeles] PHP Warning:  include(left.php): failed to open stream: No such file or directory in /home/stu/gordon/public_html/cs224/resources.php on line 61
[29-Feb-2016 00:45:23 America/Los_Angeles] PHP Warning:  include(): Failed opening 'left.php' for inclusion (include_path='.:/usr/share/php:/usr/share/pear') in /home/stu/gordon/public_html/cs224/resources.php on line 61
[29-Feb-2016 00:45:23 America/Los_Angeles] PHP Warning:  include(right.php): failed to open stream: No such file or directory in /home/stu/gordon/public_html/cs224/resources.php on line 64
[29-Feb-2016 00:45:23 America/Los_Angeles] PHP Warning:  include(): Failed opening 'right.php' for inclusion (include_path='.:/usr/share/php:/usr/share/pear') in /home/stu/gordon/public_html/cs224/resources.php on line 64
[29-Feb-2016 00:45:23 America/Los_Angeles] PHP Warning:  include(footer.php): failed to open stream: No such file or directory in /home/stu/gordon/public_html/cs224/resources.php on line 68
[29-Feb-2016 00:45:23 America/Los_Angeles] PHP Warning:  include(): Failed opening 'footer.php' for inclusion (include_path='.:/usr/share/php:/usr/share/pear') in /home/stu/gordon/public_html/cs224/resources.php on line 68
[07-Mar-2016 16:40:48 America/Los_Angeles] PHP Warning:  include(head.php): failed to open stream: No such file or directory in /home/stu/gordon/public_html/cs224/resources.php on line 5
[07-Mar-2016 16:40:48 America/Los_Angeles] PHP Warning:  include(): Failed opening 'head.php' for inclusion (include_path='.:/usr/share/php:/usr/share/pear') in /home/stu/gordon/public_html/cs224/resources.php on line 5
[07-Mar-2016 16:40:48 America/Los_Angeles] PHP Warning:  include(left.php): failed to open stream: No such file or directory in /home/stu/gordon/public_html/cs224/resources.php on line 61
[07-Mar-2016 16:40:48 America/Los_Angeles] PHP Warning:  include(): Failed opening 'left.php' for inclusion (include_path='.:/usr/share/php:/usr/share/pear') in /home/stu/gordon/public_html/cs224/resources.php on line 61
[07-Mar-2016 16:40:48 America/Los_Angeles] PHP Warning:  include(right.php): failed to open stream: No such file or directory in /home/stu/gordon/public_html/cs224/resources.php on line 64
[07-Mar-2016 16:40:48 America/Los_Angeles] PHP Warning:  include(): Failed opening 'right.php' for inclusion (include_path='.:/usr/share/php:/usr/share/pear') in /home/stu/gordon/public_html/cs224/resources.php on line 64
[07-Mar-2016 16:40:48 America/Los_Angeles] PHP Warning:  include(footer.php): failed to open stream: No such file or directory in /home/stu/gordon/public_html/cs224/resources.php on line 68
[07-Mar-2016 16:40:48 America/Los_Angeles] PHP Warning:  include(): Failed opening 'footer.php' for inclusion (include_path='.:/usr/share/php:/usr/share/pear') in /home/stu/gordon/public_html/cs224/resources.php on line 68
[14-Mar-2016 11:57:57 America/Los_Angeles] PHP Warning:  include(head.php): failed to open stream: No such file or directory in /home/stu/gordon/public_html/cs224/resources.php on line 5
[14-Mar-2016 11:57:57 America/Los_Angeles] PHP Warning:  include(): Failed opening 'head.php' for inclusion (include_path='.:/usr/share/php:/usr/share/pear') in /home/stu/gordon/public_html/cs224/resources.php on line 5
[14-Mar-2016 11:57:57 America/Los_Angeles] PHP Warning:  include(left.php): failed to open stream: No such file or directory in /home/stu/gordon/public_html/cs224/resources.php on line 61
[14-Mar-2016 11:57:57 America/Los_Angeles] PHP Warning:  include(): Failed opening 'left.php' for inclusion (include_path='.:/usr/share/php:/usr/share/pear') in /home/stu/gordon/public_html/cs224/resources.php on line 61
[14-Mar-2016 11:57:57 America/Los_Angeles] PHP Warning:  include(right.php): failed to open stream: No such file or directory in /home/stu/gordon/public_html/cs224/resources.php on line 64
[14-Mar-2016 11:57:57 America/Los_Angeles] PHP Warning:  include(): Failed opening 'right.php' for inclusion (include_path='.:/usr/share/php:/usr/share/pear') in /home/stu/gordon/public_html/cs224/resources.php on line 64
[14-Mar-2016 11:57:57 America/Los_Angeles] PHP Warning:  include(footer.php): failed to open stream: No such file or directory in /home/stu/gordon/public_html/cs224/resources.php on line 68
[14-Mar-2016 11:57:57 America/Los_Angeles] PHP Warning:  include(): Failed opening 'footer.php' for inclusion (include_path='.:/usr/share/php:/usr/share/pear') in /home/stu/gordon/public_html/cs224/resources.php on line 68
[15-Mar-2016 05:45:58 America/Los_Angeles] PHP Warning:  include(head.php): failed to open stream: No such file or directory in /home/stu/gordon/public_html/cs224/resources.php on line 5
[15-Mar-2016 05:45:58 America/Los_Angeles] PHP Warning:  include(): Failed opening 'head.php' for inclusion (include_path='.:/usr/share/php:/usr/share/pear') in /home/stu/gordon/public_html/cs224/resources.php on line 5
[15-Mar-2016 05:45:58 America/Los_Angeles] PHP Warning:  include(left.php): failed to open stream: No such file or directory in /home/stu/gordon/public_html/cs224/resources.php on line 61
[15-Mar-2016 05:45:58 America/Los_Angeles] PHP Warning:  include(): Failed opening 'left.php' for inclusion (include_path='.:/usr/share/php:/usr/share/pear') in /home/stu/gordon/public_html/cs224/resources.php on line 61
[15-Mar-2016 05:45:58 America/Los_Angeles] PHP Warning:  include(right.php): failed to open stream: No such file or directory in /home/stu/gordon/public_html/cs224/resources.php on line 64
[15-Mar-2016 05:45:58 America/Los_Angeles] PHP Warning:  include(): Failed opening 'right.php' for inclusion (include_path='.:/usr/share/php:/usr/share/pear') in /home/stu/gordon/public_html/cs224/resources.php on line 64
[15-Mar-2016 05:45:58 America/Los_Angeles] PHP Warning:  include(footer.php): failed to open stream: No such file or directory in /home/stu/gordon/public_html/cs224/resources.php on line 68
[15-Mar-2016 05:45:58 America/Los_Angeles] PHP Warning:  include(): Failed opening 'footer.php' for inclusion (include_path='.:/usr/share/php:/usr/share/pear') in /home/stu/gordon/public_html/cs224/resources.php on line 68
[16-Mar-2016 01:40:21 America/Los_Angeles] PHP Warning:  include(head.php): failed to open stream: No such file or directory in /home/stu/gordon/public_html/cs224/resources.php on line 5
[16-Mar-2016 01:40:21 America/Los_Angeles] PHP Warning:  include(): Failed opening 'head.php' for inclusion (include_path='.:/usr/share/php:/usr/share/pear') in /home/stu/gordon/public_html/cs224/resources.php on line 5
[16-Mar-2016 01:40:21 America/Los_Angeles] PHP Warning:  include(left.php): failed to open stream: No such file or directory in /home/stu/gordon/public_html/cs224/resources.php on line 61
[16-Mar-2016 01:40:21 America/Los_Angeles] PHP Warning:  include(): Failed opening 'left.php' for inclusion (include_path='.:/usr/share/php:/usr/share/pear') in /home/stu/gordon/public_html/cs224/resources.php on line 61
[16-Mar-2016 01:40:21 America/Los_Angeles] PHP Warning:  include(right.php): failed to open stream: No such file or directory in /home/stu/gordon/public_html/cs224/resources.php on line 64
[16-Mar-2016 01:40:21 America/Los_Angeles] PHP Warning:  include(): Failed opening 'right.php' for inclusion (include_path='.:/usr/share/php:/usr/share/pear') in /home/stu/gordon/public_html/cs224/resources.php on line 64
[16-Mar-2016 01:40:21 America/Los_Angeles] PHP Warning:  include(footer.php): failed to open stream: No such file or directory in /home/stu/gordon/public_html/cs224/resources.php on line 68
[16-Mar-2016 01:40:21 America/Los_Angeles] PHP Warning:  include(): Failed opening 'footer.php' for inclusion (include_path='.:/usr/share/php:/usr/share/pear') in /home/stu/gordon/public_html/cs224/resources.php on line 68
[24-Mar-2016 09:44:54 America/Los_Angeles] PHP Warning:  include(head.php): failed to open stream: No such file or directory in /home/stu/gordon/public_html/cs224/resources.php on line 5
[24-Mar-2016 09:44:54 America/Los_Angeles] PHP Warning:  include(): Failed opening 'head.php' for inclusion (include_path='.:/usr/share/php:/usr/share/pear') in /home/stu/gordon/public_html/cs224/resources.php on line 5
[24-Mar-2016 09:44:54 America/Los_Angeles] PHP Warning:  include(left.php): failed to open stream: No such file or directory in /home/stu/gordon/public_html/cs224/resources.php on line 61
[24-Mar-2016 09:44:54 America/Los_Angeles] PHP Warning:  include(): Failed opening 'left.php' for inclusion (include_path='.:/usr/share/php:/usr/share/pear') in /home/stu/gordon/public_html/cs224/resources.php on line 61
[24-Mar-2016 09:44:54 America/Los_Angeles] PHP Warning:  include(right.php): failed to open stream: No such file or directory in /home/stu/gordon/public_html/cs224/resources.php on line 64
[24-Mar-2016 09:44:54 America/Los_Angeles] PHP Warning:  include(): Failed opening 'right.php' for inclusion (include_path='.:/usr/share/php:/usr/share/pear') in /home/stu/gordon/public_html/cs224/resources.php on line 64
[24-Mar-2016 09:44:54 America/Los_Angeles] PHP Warning:  include(footer.php): failed to open stream: No such file or directory in /home/stu/gordon/public_html/cs224/resources.php on line 68
[24-Mar-2016 09:44:54 America/Los_Angeles] PHP Warning:  include(): Failed opening 'footer.php' for inclusion (include_path='.:/usr/share/php:/usr/share/pear') in /home/stu/gordon/public_html/cs224/resources.php on line 68
[01-Apr-2016 17:38:07 America/Los_Angeles] PHP Warning:  include(head.php): failed to open stream: No such file or directory in /home/fac/gordon/public_html/cs224/resources.php on line 5
[01-Apr-2016 17:38:07 America/Los_Angeles] PHP Warning:  include(): Failed opening 'head.php' for inclusion (include_path='.:/usr/share/php:/usr/share/pear') in /home/fac/gordon/public_html/cs224/resources.php on line 5
[01-Apr-2016 17:38:07 America/Los_Angeles] PHP Warning:  include(left.php): failed to open stream: No such file or directory in /home/fac/gordon/public_html/cs224/resources.php on line 61
[01-Apr-2016 17:38:07 America/Los_Angeles] PHP Warning:  include(): Failed opening 'left.php' for inclusion (include_path='.:/usr/share/php:/usr/share/pear') in /home/fac/gordon/public_html/cs224/resources.php on line 61
[01-Apr-2016 17:38:07 America/Los_Angeles] PHP Warning:  include(right.php): failed to open stream: No such file or directory in /home/fac/gordon/public_html/cs224/resources.php on line 64
[01-Apr-2016 17:38:07 America/Los_Angeles] PHP Warning:  include(): Failed opening 'right.php' for inclusion (include_path='.:/usr/share/php:/usr/share/pear') in /home/fac/gordon/public_html/cs224/resources.php on line 64
[01-Apr-2016 17:38:07 America/Los_Angeles] PHP Warning:  include(footer.php): failed to open stream: No such file or directory in /home/fac/gordon/public_html/cs224/resources.php on line 68
[01-Apr-2016 17:38:07 America/Los_Angeles] PHP Warning:  include(): Failed opening 'footer.php' for inclusion (include_path='.:/usr/share/php:/usr/share/pear') in /home/fac/gordon/public_html/cs224/resources.php on line 68
