%%
1	([a-z])(([1])|([0-9]))+
2	End Marker


********** beginning dump of nfa with start state 11
state #    1	257:     0,    0
state #    2	257:     0,    0
state #    3	 -1:     6,    0
state #    4	 -1:     7,    0
state #    5	 -2:     7,    0
state #    6	257:     4,    5
state #    7	257:     6,    0  [1]
state #    8	257:     1,    3
state #    9	 -3:    10,    0
state #   10	257:     0,    0  [2]
state #   11	257:     8,    9
********** end of dump


DFA Dump:

state # 1:
	1	4
	2	4
	3	5
state # 2:
	1	4
	2	4
	3	5
state # 3:
state # 4:
state # 5:
	2	6
	3	6
state # 6:
	2	6
	3	6
state # 3 accepts: [3]
state # 4 accepts: [2]
state # 5 accepts: [2]
state # 6 accepts: [1]

Equivalence Classes:

\000 = -1 \020 = 1   ' ' = 1     0 = 2     @ = 1     P = 1     ` = 1     p = 3  
\001 = 1  \021 = 1     ! = 1     1 = 2     A = 1     Q = 1     a = 3     q = 3  
\002 = 1  \022 = 1     " = 1     2 = 2     B = 1     R = 1     b = 3     r = 3  
\003 = 1  \023 = 1     # = 1     3 = 2     C = 1     S = 1     c = 3     s = 3  
\004 = 1  \024 = 1     $ = 1     4 = 2     D = 1     T = 1     d = 3     t = 3  
\005 = 1  \025 = 1     % = 1     5 = 2     E = 1     U = 1     e = 3     u = 3  
\006 = 1  \026 = 1     & = 1     6 = 2     F = 1     V = 1     f = 3     v = 3  
  \a = 1  \027 = 1     ' = 1     7 = 2     G = 1     W = 1     g = 3     w = 3  
  \b = 1  \030 = 1     ( = 1     8 = 2     H = 1     X = 1     h = 3     x = 3  
  \t = 1  \031 = 1     ) = 1     9 = 2     I = 1     Y = 1     i = 3     y = 3  
  \n = 1  \032 = 1     * = 1     : = 1     J = 1     Z = 1     j = 3     z = 3  
  \v = 1  \033 = 1     + = 1     ; = 1     K = 1     [ = 1     k = 3     { = 1  
  \f = 1  \034 = 1     , = 1     < = 1     L = 1     \ = 1     l = 3     | = 1  
  \r = 1  \035 = 1     - = 1     = = 1     M = 1     ] = 1     m = 3     } = 1  
\016 = 1  \036 = 1     . = 1     > = 1     N = 1     ^ = 1     n = 3     ~ = 1  
\017 = 1  \037 = 1     / = 1     ? = 1     O = 1     _ = 1     o = 3  \177 = 1  


Meta-Equivalence Classes:
1 = 1
2 = 1
3 = 1
