
Syntax tree:
  Read: x
  If
    Op: <
      Const: 0
      Id: x
    Assign to: fact
      Const: 1
    Repeat
      Assign to: fact
        Op: *
          Id: fact
          Id: x
      Assign to: x
        Op: -
          Id: x
          Const: 1
      Op: =
        Id: x
        Const: 0
    Write
      Id: fact

Building Symbol Table...

Symbol table:

Variable Name  Address Line Numbers
-------------  ------- ------------
x              0            1    2    5    6    6    7 
fact           1            3    5    5    8 

Checking Types...

Type Checking Finished

Code generation to 1.code complete.
