Output from 

   $ ./tc 2.tny > 2.out
   $ cat 2.code >> 2.out

Syntax tree:
  Assign to: x
    Const: 3
  Repeat
    Assign to: x
      Op: -
        Id: x
        Const: 1
    Assign to: y
      Const: 5
    Op: =
      Id: x
      Const: 0

Building Symbol Table...

Symbol table:

Variable Name  Address Line Numbers
-------------  ------- ------------
x              0            2    4    4    6 
y              1            5 

Checking Types...

Type Checking Finished

Code generation to 2.code complete.
* TINY Compilation to intermediate code beginning...
* File: 2.code
setup:
  0:     LD  6,0(0) 
  1:     ST  0,0(0) 

  2:    LDC  0,3(0) 
  3:     ST  0,0(5) 
  4:     LD  0,0(5) 
  5:     ST  0,0(6) 
  6:    LDC  0,1(0) 
  7:     LD  1,0(6) 
  8:    SUB  0,1,0 
  9:     ST  0,0(5) 
 10:    LDC  0,5(0) 
 11:     ST  0,1(5) 
 12:     LD  0,0(5) 
 13:     ST  0,0(6) 
 14:    LDC  0,0(0) 
 15:     LD  1,0(6) 
 16:    SUB  0,1,0 
 17:    JEQ  0,2(7) 
 18:    LDC  0,0(0) 
 19:    LDA  7,1(7) 
 20:    LDC  0,1(0) 
 21:    JEQ  0,-18(7) 
 22:   HALT  0,0,0 
