repeat.out

read x; 
repeat
   x := x - 1
until x = 0

Syntax tree:
  Read: x
  Repeat
    Assign to: x
      Op: -
        Id: x
        Const: 1
    Op: =
      Id: x
      Const: 0

Building Symbol Table...

Symbol table:
Variable Name  Address Line Numbers
-------------  ------- ------------
x              0            1    3    3    4 

Checking Types...

Type Checking Finished

Code generation to repeat.code complete.

  0:     LD  6,0(0) 
  1:     ST  0,0(0) 
  2:     IN  0,0,0 
  3:     ST  0,0(5) 
  4:     LD  0,0(5) 
  5:     ST  0,0(6) 
  6:    LDC  0,1(0) 
  7:     LD  1,0(6) 
  8:    SUB  0,1,0 
  9:     ST  0,0(5) 
 10:     LD  0,0(5) 
 11:     ST  0,0(6) 
 12:    LDC  0,0(0) 
 13:     LD  1,0(6) 
 14:    SUB  0,1,0 
 15:    JEQ  0,2(7) 
 16:    LDC  0,0(0) 
 17:    LDA  7,1(7) 
 18:    LDC  0,1(0) 
 19:    JEQ  0,-16(7) 
 20:   HALT  0,0,0 
