[07-Dec-2015 03:23:26 America/Los_Angeles] PHP Warning:  include(head.php): failed to open stream: No such file or directory in /home/stu/gordon/public_html/cs224/doc/guide-to-sde.php on line 4
[07-Dec-2015 03:23:26 America/Los_Angeles] PHP Warning:  include(): Failed opening 'head.php' for inclusion (include_path='.:/usr/share/php:/usr/share/pear') in /home/stu/gordon/public_html/cs224/doc/guide-to-sde.php on line 4
[07-Dec-2015 03:23:26 America/Los_Angeles] PHP Warning:  include(menu.php): failed to open stream: No such file or directory in /home/stu/gordon/public_html/cs224/doc/guide-to-sde.php on line 8
[07-Dec-2015 03:23:26 America/Los_Angeles] PHP Warning:  include(): Failed opening 'menu.php' for inclusion (include_path='.:/usr/share/php:/usr/share/pear') in /home/stu/gordon/public_html/cs224/doc/guide-to-sde.php on line 8
[07-Dec-2015 03:23:26 America/Los_Angeles] PHP Warning:  include(left.php): failed to open stream: No such file or directory in /home/stu/gordon/public_html/cs224/doc/guide-to-sde.php on line 174
[07-Dec-2015 03:23:26 America/Los_Angeles] PHP Warning:  include(): Failed opening 'left.php' for inclusion (include_path='.:/usr/share/php:/usr/share/pear') in /home/stu/gordon/public_html/cs224/doc/guide-to-sde.php on line 174
[07-Dec-2015 03:23:26 America/Los_Angeles] PHP Warning:  include(footer.php): failed to open stream: No such file or directory in /home/stu/gordon/public_html/cs224/doc/guide-to-sde.php on line 180
[07-Dec-2015 03:23:26 America/Los_Angeles] PHP Warning:  include(): Failed opening 'footer.php' for inclusion (include_path='.:/usr/share/php:/usr/share/pear') in /home/stu/gordon/public_html/cs224/doc/guide-to-sde.php on line 180
[09-Dec-2015 05:40:17 America/Los_Angeles] PHP Warning:  include(head.php): failed to open stream: No such file or directory in /home/stu/gordon/public_html/cs224/doc/guide-to-sde.php on line 4
[09-Dec-2015 05:40:17 America/Los_Angeles] PHP Warning:  include(): Failed opening 'head.php' for inclusion (include_path='.:/usr/share/php:/usr/share/pear') in /home/stu/gordon/public_html/cs224/doc/guide-to-sde.php on line 4
[09-Dec-2015 05:40:17 America/Los_Angeles] PHP Warning:  include(menu.php): failed to open stream: No such file or directory in /home/stu/gordon/public_html/cs224/doc/guide-to-sde.php on line 8
[09-Dec-2015 05:40:17 America/Los_Angeles] PHP Warning:  include(): Failed opening 'menu.php' for inclusion (include_path='.:/usr/share/php:/usr/share/pear') in /home/stu/gordon/public_html/cs224/doc/guide-to-sde.php on line 8
[09-Dec-2015 05:40:17 America/Los_Angeles] PHP Warning:  include(left.php): failed to open stream: No such file or directory in /home/stu/gordon/public_html/cs224/doc/guide-to-sde.php on line 174
[09-Dec-2015 05:40:17 America/Los_Angeles] PHP Warning:  include(): Failed opening 'left.php' for inclusion (include_path='.:/usr/share/php:/usr/share/pear') in /home/stu/gordon/public_html/cs224/doc/guide-to-sde.php on line 174
[09-Dec-2015 05:40:17 America/Los_Angeles] PHP Warning:  include(footer.php): failed to open stream: No such file or directory in /home/stu/gordon/public_html/cs224/doc/guide-to-sde.php on line 180
[09-Dec-2015 05:40:17 America/Los_Angeles] PHP Warning:  include(): Failed opening 'footer.php' for inclusion (include_path='.:/usr/share/php:/usr/share/pear') in /home/stu/gordon/public_html/cs224/doc/guide-to-sde.php on line 180
[11-Dec-2015 10:03:14 America/Los_Angeles] PHP Warning:  include(head.php): failed to open stream: No such file or directory in /home/stu/gordon/public_html/cs224/doc/guide-to-sde.php on line 4
[11-Dec-2015 10:03:14 America/Los_Angeles] PHP Warning:  include(): Failed opening 'head.php' for inclusion (include_path='.:/usr/share/php:/usr/share/pear') in /home/stu/gordon/public_html/cs224/doc/guide-to-sde.php on line 4
[11-Dec-2015 10:03:14 America/Los_Angeles] PHP Warning:  include(menu.php): failed to open stream: No such file or directory in /home/stu/gordon/public_html/cs224/doc/guide-to-sde.php on line 8
[11-Dec-2015 10:03:14 America/Los_Angeles] PHP Warning:  include(): Failed opening 'menu.php' for inclusion (include_path='.:/usr/share/php:/usr/share/pear') in /home/stu/gordon/public_html/cs224/doc/guide-to-sde.php on line 8
[11-Dec-2015 10:03:14 America/Los_Angeles] PHP Warning:  include(left.php): failed to open stream: No such file or directory in /home/stu/gordon/public_html/cs224/doc/guide-to-sde.php on line 174
[11-Dec-2015 10:03:14 America/Los_Angeles] PHP Warning:  include(): Failed opening 'left.php' for inclusion (include_path='.:/usr/share/php:/usr/share/pear') in /home/stu/gordon/public_html/cs224/doc/guide-to-sde.php on line 174
[11-Dec-2015 10:03:14 America/Los_Angeles] PHP Warning:  include(footer.php): failed to open stream: No such file or directory in /home/stu/gordon/public_html/cs224/doc/guide-to-sde.php on line 180
[11-Dec-2015 10:03:14 America/Los_Angeles] PHP Warning:  include(): Failed opening 'footer.php' for inclusion (include_path='.:/usr/share/php:/usr/share/pear') in /home/stu/gordon/public_html/cs224/doc/guide-to-sde.php on line 180
[20-Dec-2015 14:47:16 America/Los_Angeles] PHP Warning:  include(head.php): failed to open stream: No such file or directory in /home/stu/gordon/public_html/cs224/doc/guide-to-sde.php on line 4
[20-Dec-2015 14:47:16 America/Los_Angeles] PHP Warning:  include(): Failed opening 'head.php' for inclusion (include_path='.:/usr/share/php:/usr/share/pear') in /home/stu/gordon/public_html/cs224/doc/guide-to-sde.php on line 4
[20-Dec-2015 14:47:16 America/Los_Angeles] PHP Warning:  include(menu.php): failed to open stream: No such file or directory in /home/stu/gordon/public_html/cs224/doc/guide-to-sde.php on line 8
[20-Dec-2015 14:47:16 America/Los_Angeles] PHP Warning:  include(): Failed opening 'menu.php' for inclusion (include_path='.:/usr/share/php:/usr/share/pear') in /home/stu/gordon/public_html/cs224/doc/guide-to-sde.php on line 8
[20-Dec-2015 14:47:16 America/Los_Angeles] PHP Warning:  include(left.php): failed to open stream: No such file or directory in /home/stu/gordon/public_html/cs224/doc/guide-to-sde.php on line 174
[20-Dec-2015 14:47:16 America/Los_Angeles] PHP Warning:  include(): Failed opening 'left.php' for inclusion (include_path='.:/usr/share/php:/usr/share/pear') in /home/stu/gordon/public_html/cs224/doc/guide-to-sde.php on line 174
[20-Dec-2015 14:47:16 America/Los_Angeles] PHP Warning:  include(footer.php): failed to open stream: No such file or directory in /home/stu/gordon/public_html/cs224/doc/guide-to-sde.php on line 180
[20-Dec-2015 14:47:16 America/Los_Angeles] PHP Warning:  include(): Failed opening 'footer.php' for inclusion (include_path='.:/usr/share/php:/usr/share/pear') in /home/stu/gordon/public_html/cs224/doc/guide-to-sde.php on line 180
[29-Dec-2015 08:26:20 America/Los_Angeles] PHP Warning:  include(head.php): failed to open stream: No such file or directory in /home/stu/gordon/public_html/cs224/doc/guide-to-sde.php on line 4
[29-Dec-2015 08:26:20 America/Los_Angeles] PHP Warning:  include(): Failed opening 'head.php' for inclusion (include_path='.:/usr/share/php:/usr/share/pear') in /home/stu/gordon/public_html/cs224/doc/guide-to-sde.php on line 4
[29-Dec-2015 08:26:20 America/Los_Angeles] PHP Warning:  include(menu.php): failed to open stream: No such file or directory in /home/stu/gordon/public_html/cs224/doc/guide-to-sde.php on line 8
[29-Dec-2015 08:26:20 America/Los_Angeles] PHP Warning:  include(): Failed opening 'menu.php' for inclusion (include_path='.:/usr/share/php:/usr/share/pear') in /home/stu/gordon/public_html/cs224/doc/guide-to-sde.php on line 8
[29-Dec-2015 08:26:20 America/Los_Angeles] PHP Warning:  include(left.php): failed to open stream: No such file or directory in /home/stu/gordon/public_html/cs224/doc/guide-to-sde.php on line 174
[29-Dec-2015 08:26:20 America/Los_Angeles] PHP Warning:  include(): Failed opening 'left.php' for inclusion (include_path='.:/usr/share/php:/usr/share/pear') in /home/stu/gordon/public_html/cs224/doc/guide-to-sde.php on line 174
[29-Dec-2015 08:26:20 America/Los_Angeles] PHP Warning:  include(footer.php): failed to open stream: No such file or directory in /home/stu/gordon/public_html/cs224/doc/guide-to-sde.php on line 180
[29-Dec-2015 08:26:20 America/Los_Angeles] PHP Warning:  include(): Failed opening 'footer.php' for inclusion (include_path='.:/usr/share/php:/usr/share/pear') in /home/stu/gordon/public_html/cs224/doc/guide-to-sde.php on line 180
[31-Dec-2015 20:50:48 America/Los_Angeles] PHP Warning:  include(head.php): failed to open stream: No such file or directory in /home/stu/gordon/public_html/cs224/doc/guide-to-sde.php on line 4
[31-Dec-2015 20:50:48 America/Los_Angeles] PHP Warning:  include(): Failed opening 'head.php' for inclusion (include_path='.:/usr/share/php:/usr/share/pear') in /home/stu/gordon/public_html/cs224/doc/guide-to-sde.php on line 4
[31-Dec-2015 20:50:48 America/Los_Angeles] PHP Warning:  include(menu.php): failed to open stream: No such file or directory in /home/stu/gordon/public_html/cs224/doc/guide-to-sde.php on line 8
[31-Dec-2015 20:50:48 America/Los_Angeles] PHP Warning:  include(): Failed opening 'menu.php' for inclusion (include_path='.:/usr/share/php:/usr/share/pear') in /home/stu/gordon/public_html/cs224/doc/guide-to-sde.php on line 8
[31-Dec-2015 20:50:48 America/Los_Angeles] PHP Warning:  include(left.php): failed to open stream: No such file or directory in /home/stu/gordon/public_html/cs224/doc/guide-to-sde.php on line 174
[31-Dec-2015 20:50:48 America/Los_Angeles] PHP Warning:  include(): Failed opening 'left.php' for inclusion (include_path='.:/usr/share/php:/usr/share/pear') in /home/stu/gordon/public_html/cs224/doc/guide-to-sde.php on line 174
[31-Dec-2015 20:50:48 America/Los_Angeles] PHP Warning:  include(footer.php): failed to open stream: No such file or directory in /home/stu/gordon/public_html/cs224/doc/guide-to-sde.php on line 180
[31-Dec-2015 20:50:48 America/Los_Angeles] PHP Warning:  include(): Failed opening 'footer.php' for inclusion (include_path='.:/usr/share/php:/usr/share/pear') in /home/stu/gordon/public_html/cs224/doc/guide-to-sde.php on line 180
[02-Jan-2016 07:04:51 America/Los_Angeles] PHP Warning:  include(head.php): failed to open stream: No such file or directory in /home/stu/gordon/public_html/cs224/doc/guide-to-sde.php on line 4
[02-Jan-2016 07:04:51 America/Los_Angeles] PHP Warning:  include(): Failed opening 'head.php' for inclusion (include_path='.:/usr/share/php:/usr/share/pear') in /home/stu/gordon/public_html/cs224/doc/guide-to-sde.php on line 4
[02-Jan-2016 07:04:51 America/Los_Angeles] PHP Warning:  include(menu.php): failed to open stream: No such file or directory in /home/stu/gordon/public_html/cs224/doc/guide-to-sde.php on line 8
[02-Jan-2016 07:04:51 America/Los_Angeles] PHP Warning:  include(): Failed opening 'menu.php' for inclusion (include_path='.:/usr/share/php:/usr/share/pear') in /home/stu/gordon/public_html/cs224/doc/guide-to-sde.php on line 8
[02-Jan-2016 07:04:51 America/Los_Angeles] PHP Warning:  include(left.php): failed to open stream: No such file or directory in /home/stu/gordon/public_html/cs224/doc/guide-to-sde.php on line 174
[02-Jan-2016 07:04:51 America/Los_Angeles] PHP Warning:  include(): Failed opening 'left.php' for inclusion (include_path='.:/usr/share/php:/usr/share/pear') in /home/stu/gordon/public_html/cs224/doc/guide-to-sde.php on line 174
[02-Jan-2016 07:04:51 America/Los_Angeles] PHP Warning:  include(footer.php): failed to open stream: No such file or directory in /home/stu/gordon/public_html/cs224/doc/guide-to-sde.php on line 180
[02-Jan-2016 07:04:51 America/Los_Angeles] PHP Warning:  include(): Failed opening 'footer.php' for inclusion (include_path='.:/usr/share/php:/usr/share/pear') in /home/stu/gordon/public_html/cs224/doc/guide-to-sde.php on line 180
[09-Jan-2016 08:55:14 America/Los_Angeles] PHP Warning:  include(head.php): failed to open stream: No such file or directory in /home/stu/gordon/public_html/cs224/doc/guide-to-sde.php on line 4
[09-Jan-2016 08:55:14 America/Los_Angeles] PHP Warning:  include(): Failed opening 'head.php' for inclusion (include_path='.:/usr/share/php:/usr/share/pear') in /home/stu/gordon/public_html/cs224/doc/guide-to-sde.php on line 4
[09-Jan-2016 08:55:14 America/Los_Angeles] PHP Warning:  include(menu.php): failed to open stream: No such file or directory in /home/stu/gordon/public_html/cs224/doc/guide-to-sde.php on line 8
[09-Jan-2016 08:55:14 America/Los_Angeles] PHP Warning:  include(): Failed opening 'menu.php' for inclusion (include_path='.:/usr/share/php:/usr/share/pear') in /home/stu/gordon/public_html/cs224/doc/guide-to-sde.php on line 8
[09-Jan-2016 08:55:14 America/Los_Angeles] PHP Warning:  include(left.php): failed to open stream: No such file or directory in /home/stu/gordon/public_html/cs224/doc/guide-to-sde.php on line 174
[09-Jan-2016 08:55:14 America/Los_Angeles] PHP Warning:  include(): Failed opening 'left.php' for inclusion (include_path='.:/usr/share/php:/usr/share/pear') in /home/stu/gordon/public_html/cs224/doc/guide-to-sde.php on line 174
[09-Jan-2016 08:55:14 America/Los_Angeles] PHP Warning:  include(footer.php): failed to open stream: No such file or directory in /home/stu/gordon/public_html/cs224/doc/guide-to-sde.php on line 180
[09-Jan-2016 08:55:14 America/Los_Angeles] PHP Warning:  include(): Failed opening 'footer.php' for inclusion (include_path='.:/usr/share/php:/usr/share/pear') in /home/stu/gordon/public_html/cs224/doc/guide-to-sde.php on line 180
[09-Jan-2016 22:11:01 America/Los_Angeles] PHP Warning:  include(head.php): failed to open stream: No such file or directory in /home/stu/gordon/public_html/cs224/doc/guide-to-sde.php on line 4
[09-Jan-2016 22:11:01 America/Los_Angeles] PHP Warning:  include(): Failed opening 'head.php' for inclusion (include_path='.:/usr/share/php:/usr/share/pear') in /home/stu/gordon/public_html/cs224/doc/guide-to-sde.php on line 4
[09-Jan-2016 22:11:01 America/Los_Angeles] PHP Warning:  include(menu.php): failed to open stream: No such file or directory in /home/stu/gordon/public_html/cs224/doc/guide-to-sde.php on line 8
[09-Jan-2016 22:11:01 America/Los_Angeles] PHP Warning:  include(): Failed opening 'menu.php' for inclusion (include_path='.:/usr/share/php:/usr/share/pear') in /home/stu/gordon/public_html/cs224/doc/guide-to-sde.php on line 8
[09-Jan-2016 22:11:01 America/Los_Angeles] PHP Warning:  include(left.php): failed to open stream: No such file or directory in /home/stu/gordon/public_html/cs224/doc/guide-to-sde.php on line 174
[09-Jan-2016 22:11:01 America/Los_Angeles] PHP Warning:  include(): Failed opening 'left.php' for inclusion (include_path='.:/usr/share/php:/usr/share/pear') in /home/stu/gordon/public_html/cs224/doc/guide-to-sde.php on line 174
[09-Jan-2016 22:11:01 America/Los_Angeles] PHP Warning:  include(footer.php): failed to open stream: No such file or directory in /home/stu/gordon/public_html/cs224/doc/guide-to-sde.php on line 180
[09-Jan-2016 22:11:01 America/Los_Angeles] PHP Warning:  include(): Failed opening 'footer.php' for inclusion (include_path='.:/usr/share/php:/usr/share/pear') in /home/stu/gordon/public_html/cs224/doc/guide-to-sde.php on line 180
[17-Jan-2016 00:43:05 America/Los_Angeles] PHP Warning:  include(head.php): failed to open stream: No such file or directory in /home/stu/gordon/public_html/cs224/doc/guide-to-sde.php on line 4
[17-Jan-2016 00:43:05 America/Los_Angeles] PHP Warning:  include(): Failed opening 'head.php' for inclusion (include_path='.:/usr/share/php:/usr/share/pear') in /home/stu/gordon/public_html/cs224/doc/guide-to-sde.php on line 4
[17-Jan-2016 00:43:05 America/Los_Angeles] PHP Warning:  include(menu.php): failed to open stream: No such file or directory in /home/stu/gordon/public_html/cs224/doc/guide-to-sde.php on line 8
[17-Jan-2016 00:43:05 America/Los_Angeles] PHP Warning:  include(): Failed opening 'menu.php' for inclusion (include_path='.:/usr/share/php:/usr/share/pear') in /home/stu/gordon/public_html/cs224/doc/guide-to-sde.php on line 8
[17-Jan-2016 00:43:05 America/Los_Angeles] PHP Warning:  include(left.php): failed to open stream: No such file or directory in /home/stu/gordon/public_html/cs224/doc/guide-to-sde.php on line 174
[17-Jan-2016 00:43:05 America/Los_Angeles] PHP Warning:  include(): Failed opening 'left.php' for inclusion (include_path='.:/usr/share/php:/usr/share/pear') in /home/stu/gordon/public_html/cs224/doc/guide-to-sde.php on line 174
[17-Jan-2016 00:43:05 America/Los_Angeles] PHP Warning:  include(footer.php): failed to open stream: No such file or directory in /home/stu/gordon/public_html/cs224/doc/guide-to-sde.php on line 180
[17-Jan-2016 00:43:05 America/Los_Angeles] PHP Warning:  include(): Failed opening 'footer.php' for inclusion (include_path='.:/usr/share/php:/usr/share/pear') in /home/stu/gordon/public_html/cs224/doc/guide-to-sde.php on line 180
[24-Jan-2016 16:45:48 America/Los_Angeles] PHP Warning:  include(head.php): failed to open stream: No such file or directory in /home/stu/gordon/public_html/cs224/doc/guide-to-sde.php on line 4
[24-Jan-2016 16:45:48 America/Los_Angeles] PHP Warning:  include(): Failed opening 'head.php' for inclusion (include_path='.:/usr/share/php:/usr/share/pear') in /home/stu/gordon/public_html/cs224/doc/guide-to-sde.php on line 4
[24-Jan-2016 16:45:48 America/Los_Angeles] PHP Warning:  include(menu.php): failed to open stream: No such file or directory in /home/stu/gordon/public_html/cs224/doc/guide-to-sde.php on line 8
[24-Jan-2016 16:45:48 America/Los_Angeles] PHP Warning:  include(): Failed opening 'menu.php' for inclusion (include_path='.:/usr/share/php:/usr/share/pear') in /home/stu/gordon/public_html/cs224/doc/guide-to-sde.php on line 8
[24-Jan-2016 16:45:48 America/Los_Angeles] PHP Warning:  include(left.php): failed to open stream: No such file or directory in /home/stu/gordon/public_html/cs224/doc/guide-to-sde.php on line 174
[24-Jan-2016 16:45:48 America/Los_Angeles] PHP Warning:  include(): Failed opening 'left.php' for inclusion (include_path='.:/usr/share/php:/usr/share/pear') in /home/stu/gordon/public_html/cs224/doc/guide-to-sde.php on line 174
[24-Jan-2016 16:45:48 America/Los_Angeles] PHP Warning:  include(footer.php): failed to open stream: No such file or directory in /home/stu/gordon/public_html/cs224/doc/guide-to-sde.php on line 180
[24-Jan-2016 16:45:48 America/Los_Angeles] PHP Warning:  include(): Failed opening 'footer.php' for inclusion (include_path='.:/usr/share/php:/usr/share/pear') in /home/stu/gordon/public_html/cs224/doc/guide-to-sde.php on line 180
[30-Jan-2016 11:37:55 America/Los_Angeles] PHP Warning:  include(head.php): failed to open stream: No such file or directory in /home/stu/gordon/public_html/cs224/doc/guide-to-sde.php on line 4
[30-Jan-2016 11:37:55 America/Los_Angeles] PHP Warning:  include(): Failed opening 'head.php' for inclusion (include_path='.:/usr/share/php:/usr/share/pear') in /home/stu/gordon/public_html/cs224/doc/guide-to-sde.php on line 4
[30-Jan-2016 11:37:55 America/Los_Angeles] PHP Warning:  include(menu.php): failed to open stream: No such file or directory in /home/stu/gordon/public_html/cs224/doc/guide-to-sde.php on line 8
[30-Jan-2016 11:37:55 America/Los_Angeles] PHP Warning:  include(): Failed opening 'menu.php' for inclusion (include_path='.:/usr/share/php:/usr/share/pear') in /home/stu/gordon/public_html/cs224/doc/guide-to-sde.php on line 8
[30-Jan-2016 11:37:55 America/Los_Angeles] PHP Warning:  include(left.php): failed to open stream: No such file or directory in /home/stu/gordon/public_html/cs224/doc/guide-to-sde.php on line 174
[30-Jan-2016 11:37:55 America/Los_Angeles] PHP Warning:  include(): Failed opening 'left.php' for inclusion (include_path='.:/usr/share/php:/usr/share/pear') in /home/stu/gordon/public_html/cs224/doc/guide-to-sde.php on line 174
[30-Jan-2016 11:37:55 America/Los_Angeles] PHP Warning:  include(footer.php): failed to open stream: No such file or directory in /home/stu/gordon/public_html/cs224/doc/guide-to-sde.php on line 180
[30-Jan-2016 11:37:55 America/Los_Angeles] PHP Warning:  include(): Failed opening 'footer.php' for inclusion (include_path='.:/usr/share/php:/usr/share/pear') in /home/stu/gordon/public_html/cs224/doc/guide-to-sde.php on line 180
[01-Feb-2016 08:49:11 America/Los_Angeles] PHP Warning:  include(head.php): failed to open stream: No such file or directory in /home/stu/gordon/public_html/cs224/doc/guide-to-sde.php on line 4
[01-Feb-2016 08:49:11 America/Los_Angeles] PHP Warning:  include(): Failed opening 'head.php' for inclusion (include_path='.:/usr/share/php:/usr/share/pear') in /home/stu/gordon/public_html/cs224/doc/guide-to-sde.php on line 4
[01-Feb-2016 08:49:11 America/Los_Angeles] PHP Warning:  include(menu.php): failed to open stream: No such file or directory in /home/stu/gordon/public_html/cs224/doc/guide-to-sde.php on line 8
[01-Feb-2016 08:49:11 America/Los_Angeles] PHP Warning:  include(): Failed opening 'menu.php' for inclusion (include_path='.:/usr/share/php:/usr/share/pear') in /home/stu/gordon/public_html/cs224/doc/guide-to-sde.php on line 8
[01-Feb-2016 08:49:11 America/Los_Angeles] PHP Warning:  include(left.php): failed to open stream: No such file or directory in /home/stu/gordon/public_html/cs224/doc/guide-to-sde.php on line 174
[01-Feb-2016 08:49:11 America/Los_Angeles] PHP Warning:  include(): Failed opening 'left.php' for inclusion (include_path='.:/usr/share/php:/usr/share/pear') in /home/stu/gordon/public_html/cs224/doc/guide-to-sde.php on line 174
[01-Feb-2016 08:49:11 America/Los_Angeles] PHP Warning:  include(footer.php): failed to open stream: No such file or directory in /home/stu/gordon/public_html/cs224/doc/guide-to-sde.php on line 180
[01-Feb-2016 08:49:11 America/Los_Angeles] PHP Warning:  include(): Failed opening 'footer.php' for inclusion (include_path='.:/usr/share/php:/usr/share/pear') in /home/stu/gordon/public_html/cs224/doc/guide-to-sde.php on line 180
[09-Feb-2016 08:08:45 America/Los_Angeles] PHP Warning:  include(head.php): failed to open stream: No such file or directory in /home/stu/gordon/public_html/cs224/doc/guide-to-sde.php on line 4
[09-Feb-2016 08:08:45 America/Los_Angeles] PHP Warning:  include(): Failed opening 'head.php' for inclusion (include_path='.:/usr/share/php:/usr/share/pear') in /home/stu/gordon/public_html/cs224/doc/guide-to-sde.php on line 4
[09-Feb-2016 08:08:45 America/Los_Angeles] PHP Warning:  include(menu.php): failed to open stream: No such file or directory in /home/stu/gordon/public_html/cs224/doc/guide-to-sde.php on line 8
[09-Feb-2016 08:08:45 America/Los_Angeles] PHP Warning:  include(): Failed opening 'menu.php' for inclusion (include_path='.:/usr/share/php:/usr/share/pear') in /home/stu/gordon/public_html/cs224/doc/guide-to-sde.php on line 8
[09-Feb-2016 08:08:45 America/Los_Angeles] PHP Warning:  include(left.php): failed to open stream: No such file or directory in /home/stu/gordon/public_html/cs224/doc/guide-to-sde.php on line 174
[09-Feb-2016 08:08:45 America/Los_Angeles] PHP Warning:  include(): Failed opening 'left.php' for inclusion (include_path='.:/usr/share/php:/usr/share/pear') in /home/stu/gordon/public_html/cs224/doc/guide-to-sde.php on line 174
[09-Feb-2016 08:08:45 America/Los_Angeles] PHP Warning:  include(footer.php): failed to open stream: No such file or directory in /home/stu/gordon/public_html/cs224/doc/guide-to-sde.php on line 180
[09-Feb-2016 08:08:45 America/Los_Angeles] PHP Warning:  include(): Failed opening 'footer.php' for inclusion (include_path='.:/usr/share/php:/usr/share/pear') in /home/stu/gordon/public_html/cs224/doc/guide-to-sde.php on line 180
[12-Feb-2016 00:08:34 America/Los_Angeles] PHP Warning:  include(head.php): failed to open stream: No such file or directory in /home/stu/gordon/public_html/cs224/doc/guide-to-sde.php on line 4
[12-Feb-2016 00:08:34 America/Los_Angeles] PHP Warning:  include(): Failed opening 'head.php' for inclusion (include_path='.:/usr/share/php:/usr/share/pear') in /home/stu/gordon/public_html/cs224/doc/guide-to-sde.php on line 4
[12-Feb-2016 00:08:34 America/Los_Angeles] PHP Warning:  include(menu.php): failed to open stream: No such file or directory in /home/stu/gordon/public_html/cs224/doc/guide-to-sde.php on line 8
[12-Feb-2016 00:08:34 America/Los_Angeles] PHP Warning:  include(): Failed opening 'menu.php' for inclusion (include_path='.:/usr/share/php:/usr/share/pear') in /home/stu/gordon/public_html/cs224/doc/guide-to-sde.php on line 8
[12-Feb-2016 00:08:34 America/Los_Angeles] PHP Warning:  include(left.php): failed to open stream: No such file or directory in /home/stu/gordon/public_html/cs224/doc/guide-to-sde.php on line 174
[12-Feb-2016 00:08:34 America/Los_Angeles] PHP Warning:  include(): Failed opening 'left.php' for inclusion (include_path='.:/usr/share/php:/usr/share/pear') in /home/stu/gordon/public_html/cs224/doc/guide-to-sde.php on line 174
[12-Feb-2016 00:08:34 America/Los_Angeles] PHP Warning:  include(footer.php): failed to open stream: No such file or directory in /home/stu/gordon/public_html/cs224/doc/guide-to-sde.php on line 180
[12-Feb-2016 00:08:34 America/Los_Angeles] PHP Warning:  include(): Failed opening 'footer.php' for inclusion (include_path='.:/usr/share/php:/usr/share/pear') in /home/stu/gordon/public_html/cs224/doc/guide-to-sde.php on line 180
[12-Feb-2016 17:00:30 America/Los_Angeles] PHP Warning:  include(head.php): failed to open stream: No such file or directory in /home/stu/gordon/public_html/cs224/doc/guide-to-sde.php on line 4
[12-Feb-2016 17:00:30 America/Los_Angeles] PHP Warning:  include(): Failed opening 'head.php' for inclusion (include_path='.:/usr/share/php:/usr/share/pear') in /home/stu/gordon/public_html/cs224/doc/guide-to-sde.php on line 4
[12-Feb-2016 17:00:30 America/Los_Angeles] PHP Warning:  include(menu.php): failed to open stream: No such file or directory in /home/stu/gordon/public_html/cs224/doc/guide-to-sde.php on line 8
[12-Feb-2016 17:00:30 America/Los_Angeles] PHP Warning:  include(): Failed opening 'menu.php' for inclusion (include_path='.:/usr/share/php:/usr/share/pear') in /home/stu/gordon/public_html/cs224/doc/guide-to-sde.php on line 8
[12-Feb-2016 17:00:30 America/Los_Angeles] PHP Warning:  include(left.php): failed to open stream: No such file or directory in /home/stu/gordon/public_html/cs224/doc/guide-to-sde.php on line 174
[12-Feb-2016 17:00:30 America/Los_Angeles] PHP Warning:  include(): Failed opening 'left.php' for inclusion (include_path='.:/usr/share/php:/usr/share/pear') in /home/stu/gordon/public_html/cs224/doc/guide-to-sde.php on line 174
[12-Feb-2016 17:00:30 America/Los_Angeles] PHP Warning:  include(footer.php): failed to open stream: No such file or directory in /home/stu/gordon/public_html/cs224/doc/guide-to-sde.php on line 180
[12-Feb-2016 17:00:30 America/Los_Angeles] PHP Warning:  include(): Failed opening 'footer.php' for inclusion (include_path='.:/usr/share/php:/usr/share/pear') in /home/stu/gordon/public_html/cs224/doc/guide-to-sde.php on line 180
[14-Feb-2016 11:34:15 America/Los_Angeles] PHP Warning:  include(head.php): failed to open stream: No such file or directory in /home/stu/gordon/public_html/cs224/doc/guide-to-sde.php on line 4
[14-Feb-2016 11:34:15 America/Los_Angeles] PHP Warning:  include(): Failed opening 'head.php' for inclusion (include_path='.:/usr/share/php:/usr/share/pear') in /home/stu/gordon/public_html/cs224/doc/guide-to-sde.php on line 4
[14-Feb-2016 11:34:15 America/Los_Angeles] PHP Warning:  include(menu.php): failed to open stream: No such file or directory in /home/stu/gordon/public_html/cs224/doc/guide-to-sde.php on line 8
[14-Feb-2016 11:34:15 America/Los_Angeles] PHP Warning:  include(): Failed opening 'menu.php' for inclusion (include_path='.:/usr/share/php:/usr/share/pear') in /home/stu/gordon/public_html/cs224/doc/guide-to-sde.php on line 8
[14-Feb-2016 11:34:15 America/Los_Angeles] PHP Warning:  include(left.php): failed to open stream: No such file or directory in /home/stu/gordon/public_html/cs224/doc/guide-to-sde.php on line 174
[14-Feb-2016 11:34:15 America/Los_Angeles] PHP Warning:  include(): Failed opening 'left.php' for inclusion (include_path='.:/usr/share/php:/usr/share/pear') in /home/stu/gordon/public_html/cs224/doc/guide-to-sde.php on line 174
[14-Feb-2016 11:34:15 America/Los_Angeles] PHP Warning:  include(footer.php): failed to open stream: No such file or directory in /home/stu/gordon/public_html/cs224/doc/guide-to-sde.php on line 180
[14-Feb-2016 11:34:15 America/Los_Angeles] PHP Warning:  include(): Failed opening 'footer.php' for inclusion (include_path='.:/usr/share/php:/usr/share/pear') in /home/stu/gordon/public_html/cs224/doc/guide-to-sde.php on line 180
[15-Feb-2016 04:23:17 America/Los_Angeles] PHP Warning:  include(head.php): failed to open stream: No such file or directory in /home/stu/gordon/public_html/cs224/doc/guide-to-sde.php on line 4
[15-Feb-2016 04:23:17 America/Los_Angeles] PHP Warning:  include(): Failed opening 'head.php' for inclusion (include_path='.:/usr/share/php:/usr/share/pear') in /home/stu/gordon/public_html/cs224/doc/guide-to-sde.php on line 4
[15-Feb-2016 04:23:17 America/Los_Angeles] PHP Warning:  include(menu.php): failed to open stream: No such file or directory in /home/stu/gordon/public_html/cs224/doc/guide-to-sde.php on line 8
[15-Feb-2016 04:23:17 America/Los_Angeles] PHP Warning:  include(): Failed opening 'menu.php' for inclusion (include_path='.:/usr/share/php:/usr/share/pear') in /home/stu/gordon/public_html/cs224/doc/guide-to-sde.php on line 8
[15-Feb-2016 04:23:17 America/Los_Angeles] PHP Warning:  include(left.php): failed to open stream: No such file or directory in /home/stu/gordon/public_html/cs224/doc/guide-to-sde.php on line 174
[15-Feb-2016 04:23:17 America/Los_Angeles] PHP Warning:  include(): Failed opening 'left.php' for inclusion (include_path='.:/usr/share/php:/usr/share/pear') in /home/stu/gordon/public_html/cs224/doc/guide-to-sde.php on line 174
[15-Feb-2016 04:23:17 America/Los_Angeles] PHP Warning:  include(footer.php): failed to open stream: No such file or directory in /home/stu/gordon/public_html/cs224/doc/guide-to-sde.php on line 180
[15-Feb-2016 04:23:17 America/Los_Angeles] PHP Warning:  include(): Failed opening 'footer.php' for inclusion (include_path='.:/usr/share/php:/usr/share/pear') in /home/stu/gordon/public_html/cs224/doc/guide-to-sde.php on line 180
[16-Feb-2016 11:16:09 America/Los_Angeles] PHP Warning:  include(head.php): failed to open stream: No such file or directory in /home/stu/gordon/public_html/cs224/doc/guide-to-sde.php on line 4
[16-Feb-2016 11:16:09 America/Los_Angeles] PHP Warning:  include(): Failed opening 'head.php' for inclusion (include_path='.:/usr/share/php:/usr/share/pear') in /home/stu/gordon/public_html/cs224/doc/guide-to-sde.php on line 4
[16-Feb-2016 11:16:09 America/Los_Angeles] PHP Warning:  include(menu.php): failed to open stream: No such file or directory in /home/stu/gordon/public_html/cs224/doc/guide-to-sde.php on line 8
[16-Feb-2016 11:16:09 America/Los_Angeles] PHP Warning:  include(): Failed opening 'menu.php' for inclusion (include_path='.:/usr/share/php:/usr/share/pear') in /home/stu/gordon/public_html/cs224/doc/guide-to-sde.php on line 8
[16-Feb-2016 11:16:09 America/Los_Angeles] PHP Warning:  include(left.php): failed to open stream: No such file or directory in /home/stu/gordon/public_html/cs224/doc/guide-to-sde.php on line 174
[16-Feb-2016 11:16:09 America/Los_Angeles] PHP Warning:  include(): Failed opening 'left.php' for inclusion (include_path='.:/usr/share/php:/usr/share/pear') in /home/stu/gordon/public_html/cs224/doc/guide-to-sde.php on line 174
[16-Feb-2016 11:16:09 America/Los_Angeles] PHP Warning:  include(footer.php): failed to open stream: No such file or directory in /home/stu/gordon/public_html/cs224/doc/guide-to-sde.php on line 180
[16-Feb-2016 11:16:09 America/Los_Angeles] PHP Warning:  include(): Failed opening 'footer.php' for inclusion (include_path='.:/usr/share/php:/usr/share/pear') in /home/stu/gordon/public_html/cs224/doc/guide-to-sde.php on line 180
[19-Feb-2016 08:46:43 America/Los_Angeles] PHP Warning:  include(head.php): failed to open stream: No such file or directory in /home/stu/gordon/public_html/cs224/doc/guide-to-sde.php on line 4
[19-Feb-2016 08:46:43 America/Los_Angeles] PHP Warning:  include(): Failed opening 'head.php' for inclusion (include_path='.:/usr/share/php:/usr/share/pear') in /home/stu/gordon/public_html/cs224/doc/guide-to-sde.php on line 4
[19-Feb-2016 08:46:43 America/Los_Angeles] PHP Warning:  include(menu.php): failed to open stream: No such file or directory in /home/stu/gordon/public_html/cs224/doc/guide-to-sde.php on line 8
[19-Feb-2016 08:46:43 America/Los_Angeles] PHP Warning:  include(): Failed opening 'menu.php' for inclusion (include_path='.:/usr/share/php:/usr/share/pear') in /home/stu/gordon/public_html/cs224/doc/guide-to-sde.php on line 8
[19-Feb-2016 08:46:43 America/Los_Angeles] PHP Warning:  include(left.php): failed to open stream: No such file or directory in /home/stu/gordon/public_html/cs224/doc/guide-to-sde.php on line 174
[19-Feb-2016 08:46:43 America/Los_Angeles] PHP Warning:  include(): Failed opening 'left.php' for inclusion (include_path='.:/usr/share/php:/usr/share/pear') in /home/stu/gordon/public_html/cs224/doc/guide-to-sde.php on line 174
[19-Feb-2016 08:46:43 America/Los_Angeles] PHP Warning:  include(footer.php): failed to open stream: No such file or directory in /home/stu/gordon/public_html/cs224/doc/guide-to-sde.php on line 180
[19-Feb-2016 08:46:43 America/Los_Angeles] PHP Warning:  include(): Failed opening 'footer.php' for inclusion (include_path='.:/usr/share/php:/usr/share/pear') in /home/stu/gordon/public_html/cs224/doc/guide-to-sde.php on line 180
[20-Feb-2016 08:54:25 America/Los_Angeles] PHP Warning:  include(head.php): failed to open stream: No such file or directory in /home/stu/gordon/public_html/cs224/doc/guide-to-sde.php on line 4
[20-Feb-2016 08:54:25 America/Los_Angeles] PHP Warning:  include(): Failed opening 'head.php' for inclusion (include_path='.:/usr/share/php:/usr/share/pear') in /home/stu/gordon/public_html/cs224/doc/guide-to-sde.php on line 4
[20-Feb-2016 08:54:25 America/Los_Angeles] PHP Warning:  include(menu.php): failed to open stream: No such file or directory in /home/stu/gordon/public_html/cs224/doc/guide-to-sde.php on line 8
[20-Feb-2016 08:54:25 America/Los_Angeles] PHP Warning:  include(): Failed opening 'menu.php' for inclusion (include_path='.:/usr/share/php:/usr/share/pear') in /home/stu/gordon/public_html/cs224/doc/guide-to-sde.php on line 8
[20-Feb-2016 08:54:25 America/Los_Angeles] PHP Warning:  include(left.php): failed to open stream: No such file or directory in /home/stu/gordon/public_html/cs224/doc/guide-to-sde.php on line 174
[20-Feb-2016 08:54:25 America/Los_Angeles] PHP Warning:  include(): Failed opening 'left.php' for inclusion (include_path='.:/usr/share/php:/usr/share/pear') in /home/stu/gordon/public_html/cs224/doc/guide-to-sde.php on line 174
[20-Feb-2016 08:54:25 America/Los_Angeles] PHP Warning:  include(footer.php): failed to open stream: No such file or directory in /home/stu/gordon/public_html/cs224/doc/guide-to-sde.php on line 180
[20-Feb-2016 08:54:25 America/Los_Angeles] PHP Warning:  include(): Failed opening 'footer.php' for inclusion (include_path='.:/usr/share/php:/usr/share/pear') in /home/stu/gordon/public_html/cs224/doc/guide-to-sde.php on line 180
[24-Feb-2016 21:31:58 America/Los_Angeles] PHP Warning:  include(head.php): failed to open stream: No such file or directory in /home/stu/gordon/public_html/cs224/doc/guide-to-sde.php on line 4
[24-Feb-2016 21:31:58 America/Los_Angeles] PHP Warning:  include(): Failed opening 'head.php' for inclusion (include_path='.:/usr/share/php:/usr/share/pear') in /home/stu/gordon/public_html/cs224/doc/guide-to-sde.php on line 4
[24-Feb-2016 21:31:58 America/Los_Angeles] PHP Warning:  include(menu.php): failed to open stream: No such file or directory in /home/stu/gordon/public_html/cs224/doc/guide-to-sde.php on line 8
[24-Feb-2016 21:31:58 America/Los_Angeles] PHP Warning:  include(): Failed opening 'menu.php' for inclusion (include_path='.:/usr/share/php:/usr/share/pear') in /home/stu/gordon/public_html/cs224/doc/guide-to-sde.php on line 8
[24-Feb-2016 21:31:58 America/Los_Angeles] PHP Warning:  include(left.php): failed to open stream: No such file or directory in /home/stu/gordon/public_html/cs224/doc/guide-to-sde.php on line 174
[24-Feb-2016 21:31:58 America/Los_Angeles] PHP Warning:  include(): Failed opening 'left.php' for inclusion (include_path='.:/usr/share/php:/usr/share/pear') in /home/stu/gordon/public_html/cs224/doc/guide-to-sde.php on line 174
[24-Feb-2016 21:31:58 America/Los_Angeles] PHP Warning:  include(footer.php): failed to open stream: No such file or directory in /home/stu/gordon/public_html/cs224/doc/guide-to-sde.php on line 180
[24-Feb-2016 21:31:58 America/Los_Angeles] PHP Warning:  include(): Failed opening 'footer.php' for inclusion (include_path='.:/usr/share/php:/usr/share/pear') in /home/stu/gordon/public_html/cs224/doc/guide-to-sde.php on line 180
[25-Feb-2016 09:02:10 America/Los_Angeles] PHP Warning:  include(head.php): failed to open stream: No such file or directory in /home/stu/gordon/public_html/cs224/doc/guide-to-sde.php on line 4
[25-Feb-2016 09:02:10 America/Los_Angeles] PHP Warning:  include(): Failed opening 'head.php' for inclusion (include_path='.:/usr/share/php:/usr/share/pear') in /home/stu/gordon/public_html/cs224/doc/guide-to-sde.php on line 4
[25-Feb-2016 09:02:10 America/Los_Angeles] PHP Warning:  include(menu.php): failed to open stream: No such file or directory in /home/stu/gordon/public_html/cs224/doc/guide-to-sde.php on line 8
[25-Feb-2016 09:02:10 America/Los_Angeles] PHP Warning:  include(): Failed opening 'menu.php' for inclusion (include_path='.:/usr/share/php:/usr/share/pear') in /home/stu/gordon/public_html/cs224/doc/guide-to-sde.php on line 8
[25-Feb-2016 09:02:10 America/Los_Angeles] PHP Warning:  include(left.php): failed to open stream: No such file or directory in /home/stu/gordon/public_html/cs224/doc/guide-to-sde.php on line 174
[25-Feb-2016 09:02:10 America/Los_Angeles] PHP Warning:  include(): Failed opening 'left.php' for inclusion (include_path='.:/usr/share/php:/usr/share/pear') in /home/stu/gordon/public_html/cs224/doc/guide-to-sde.php on line 174
[25-Feb-2016 09:02:10 America/Los_Angeles] PHP Warning:  include(footer.php): failed to open stream: No such file or directory in /home/stu/gordon/public_html/cs224/doc/guide-to-sde.php on line 180
[25-Feb-2016 09:02:10 America/Los_Angeles] PHP Warning:  include(): Failed opening 'footer.php' for inclusion (include_path='.:/usr/share/php:/usr/share/pear') in /home/stu/gordon/public_html/cs224/doc/guide-to-sde.php on line 180
[26-Feb-2016 17:13:30 America/Los_Angeles] PHP Warning:  include(head.php): failed to open stream: No such file or directory in /home/stu/gordon/public_html/cs224/doc/guide-to-sde.php on line 4
[26-Feb-2016 17:13:30 America/Los_Angeles] PHP Warning:  include(): Failed opening 'head.php' for inclusion (include_path='.:/usr/share/php:/usr/share/pear') in /home/stu/gordon/public_html/cs224/doc/guide-to-sde.php on line 4
[26-Feb-2016 17:13:30 America/Los_Angeles] PHP Warning:  include(menu.php): failed to open stream: No such file or directory in /home/stu/gordon/public_html/cs224/doc/guide-to-sde.php on line 8
[26-Feb-2016 17:13:30 America/Los_Angeles] PHP Warning:  include(): Failed opening 'menu.php' for inclusion (include_path='.:/usr/share/php:/usr/share/pear') in /home/stu/gordon/public_html/cs224/doc/guide-to-sde.php on line 8
[26-Feb-2016 17:13:30 America/Los_Angeles] PHP Warning:  include(left.php): failed to open stream: No such file or directory in /home/stu/gordon/public_html/cs224/doc/guide-to-sde.php on line 174
[26-Feb-2016 17:13:30 America/Los_Angeles] PHP Warning:  include(): Failed opening 'left.php' for inclusion (include_path='.:/usr/share/php:/usr/share/pear') in /home/stu/gordon/public_html/cs224/doc/guide-to-sde.php on line 174
[26-Feb-2016 17:13:30 America/Los_Angeles] PHP Warning:  include(footer.php): failed to open stream: No such file or directory in /home/stu/gordon/public_html/cs224/doc/guide-to-sde.php on line 180
[26-Feb-2016 17:13:30 America/Los_Angeles] PHP Warning:  include(): Failed opening 'footer.php' for inclusion (include_path='.:/usr/share/php:/usr/share/pear') in /home/stu/gordon/public_html/cs224/doc/guide-to-sde.php on line 180
[28-Feb-2016 01:24:02 America/Los_Angeles] PHP Warning:  include(head.php): failed to open stream: No such file or directory in /home/stu/gordon/public_html/cs224/doc/guide-to-sde.php on line 4
[28-Feb-2016 01:24:02 America/Los_Angeles] PHP Warning:  include(): Failed opening 'head.php' for inclusion (include_path='.:/usr/share/php:/usr/share/pear') in /home/stu/gordon/public_html/cs224/doc/guide-to-sde.php on line 4
[28-Feb-2016 01:24:02 America/Los_Angeles] PHP Warning:  include(menu.php): failed to open stream: No such file or directory in /home/stu/gordon/public_html/cs224/doc/guide-to-sde.php on line 8
[28-Feb-2016 01:24:02 America/Los_Angeles] PHP Warning:  include(): Failed opening 'menu.php' for inclusion (include_path='.:/usr/share/php:/usr/share/pear') in /home/stu/gordon/public_html/cs224/doc/guide-to-sde.php on line 8
[28-Feb-2016 01:24:02 America/Los_Angeles] PHP Warning:  include(left.php): failed to open stream: No such file or directory in /home/stu/gordon/public_html/cs224/doc/guide-to-sde.php on line 174
[28-Feb-2016 01:24:02 America/Los_Angeles] PHP Warning:  include(): Failed opening 'left.php' for inclusion (include_path='.:/usr/share/php:/usr/share/pear') in /home/stu/gordon/public_html/cs224/doc/guide-to-sde.php on line 174
[28-Feb-2016 01:24:02 America/Los_Angeles] PHP Warning:  include(footer.php): failed to open stream: No such file or directory in /home/stu/gordon/public_html/cs224/doc/guide-to-sde.php on line 180
[28-Feb-2016 01:24:02 America/Los_Angeles] PHP Warning:  include(): Failed opening 'footer.php' for inclusion (include_path='.:/usr/share/php:/usr/share/pear') in /home/stu/gordon/public_html/cs224/doc/guide-to-sde.php on line 180
[28-Feb-2016 02:34:25 America/Los_Angeles] PHP Warning:  include(head.php): failed to open stream: No such file or directory in /home/stu/gordon/public_html/cs224/doc/guide-to-sde.php on line 4
[28-Feb-2016 02:34:25 America/Los_Angeles] PHP Warning:  include(): Failed opening 'head.php' for inclusion (include_path='.:/usr/share/php:/usr/share/pear') in /home/stu/gordon/public_html/cs224/doc/guide-to-sde.php on line 4
[28-Feb-2016 02:34:25 America/Los_Angeles] PHP Warning:  include(menu.php): failed to open stream: No such file or directory in /home/stu/gordon/public_html/cs224/doc/guide-to-sde.php on line 8
[28-Feb-2016 02:34:25 America/Los_Angeles] PHP Warning:  include(): Failed opening 'menu.php' for inclusion (include_path='.:/usr/share/php:/usr/share/pear') in /home/stu/gordon/public_html/cs224/doc/guide-to-sde.php on line 8
[28-Feb-2016 02:34:25 America/Los_Angeles] PHP Warning:  include(left.php): failed to open stream: No such file or directory in /home/stu/gordon/public_html/cs224/doc/guide-to-sde.php on line 174
[28-Feb-2016 02:34:25 America/Los_Angeles] PHP Warning:  include(): Failed opening 'left.php' for inclusion (include_path='.:/usr/share/php:/usr/share/pear') in /home/stu/gordon/public_html/cs224/doc/guide-to-sde.php on line 174
[28-Feb-2016 02:34:25 America/Los_Angeles] PHP Warning:  include(footer.php): failed to open stream: No such file or directory in /home/stu/gordon/public_html/cs224/doc/guide-to-sde.php on line 180
[28-Feb-2016 02:34:25 America/Los_Angeles] PHP Warning:  include(): Failed opening 'footer.php' for inclusion (include_path='.:/usr/share/php:/usr/share/pear') in /home/stu/gordon/public_html/cs224/doc/guide-to-sde.php on line 180
[04-Mar-2016 05:04:44 America/Los_Angeles] PHP Warning:  include(head.php): failed to open stream: No such file or directory in /home/stu/gordon/public_html/cs224/doc/guide-to-sde.php on line 4
[04-Mar-2016 05:04:44 America/Los_Angeles] PHP Warning:  include(): Failed opening 'head.php' for inclusion (include_path='.:/usr/share/php:/usr/share/pear') in /home/stu/gordon/public_html/cs224/doc/guide-to-sde.php on line 4
[04-Mar-2016 05:04:44 America/Los_Angeles] PHP Warning:  include(menu.php): failed to open stream: No such file or directory in /home/stu/gordon/public_html/cs224/doc/guide-to-sde.php on line 8
[04-Mar-2016 05:04:44 America/Los_Angeles] PHP Warning:  include(): Failed opening 'menu.php' for inclusion (include_path='.:/usr/share/php:/usr/share/pear') in /home/stu/gordon/public_html/cs224/doc/guide-to-sde.php on line 8
[04-Mar-2016 05:04:44 America/Los_Angeles] PHP Warning:  include(left.php): failed to open stream: No such file or directory in /home/stu/gordon/public_html/cs224/doc/guide-to-sde.php on line 174
[04-Mar-2016 05:04:44 America/Los_Angeles] PHP Warning:  include(): Failed opening 'left.php' for inclusion (include_path='.:/usr/share/php:/usr/share/pear') in /home/stu/gordon/public_html/cs224/doc/guide-to-sde.php on line 174
[04-Mar-2016 05:04:44 America/Los_Angeles] PHP Warning:  include(footer.php): failed to open stream: No such file or directory in /home/stu/gordon/public_html/cs224/doc/guide-to-sde.php on line 180
[04-Mar-2016 05:04:44 America/Los_Angeles] PHP Warning:  include(): Failed opening 'footer.php' for inclusion (include_path='.:/usr/share/php:/usr/share/pear') in /home/stu/gordon/public_html/cs224/doc/guide-to-sde.php on line 180
[04-Mar-2016 07:59:47 America/Los_Angeles] PHP Warning:  include(head.php): failed to open stream: No such file or directory in /home/stu/gordon/public_html/cs224/doc/guide-to-sde.php on line 4
[04-Mar-2016 07:59:47 America/Los_Angeles] PHP Warning:  include(): Failed opening 'head.php' for inclusion (include_path='.:/usr/share/php:/usr/share/pear') in /home/stu/gordon/public_html/cs224/doc/guide-to-sde.php on line 4
[04-Mar-2016 07:59:47 America/Los_Angeles] PHP Warning:  include(menu.php): failed to open stream: No such file or directory in /home/stu/gordon/public_html/cs224/doc/guide-to-sde.php on line 8
[04-Mar-2016 07:59:47 America/Los_Angeles] PHP Warning:  include(): Failed opening 'menu.php' for inclusion (include_path='.:/usr/share/php:/usr/share/pear') in /home/stu/gordon/public_html/cs224/doc/guide-to-sde.php on line 8
[04-Mar-2016 07:59:47 America/Los_Angeles] PHP Warning:  include(left.php): failed to open stream: No such file or directory in /home/stu/gordon/public_html/cs224/doc/guide-to-sde.php on line 174
[04-Mar-2016 07:59:47 America/Los_Angeles] PHP Warning:  include(): Failed opening 'left.php' for inclusion (include_path='.:/usr/share/php:/usr/share/pear') in /home/stu/gordon/public_html/cs224/doc/guide-to-sde.php on line 174
[04-Mar-2016 07:59:47 America/Los_Angeles] PHP Warning:  include(footer.php): failed to open stream: No such file or directory in /home/stu/gordon/public_html/cs224/doc/guide-to-sde.php on line 180
[04-Mar-2016 07:59:47 America/Los_Angeles] PHP Warning:  include(): Failed opening 'footer.php' for inclusion (include_path='.:/usr/share/php:/usr/share/pear') in /home/stu/gordon/public_html/cs224/doc/guide-to-sde.php on line 180
[06-Mar-2016 16:53:44 America/Los_Angeles] PHP Warning:  include(head.php): failed to open stream: No such file or directory in /home/stu/gordon/public_html/cs224/doc/guide-to-sde.php on line 4
[06-Mar-2016 16:53:44 America/Los_Angeles] PHP Warning:  include(): Failed opening 'head.php' for inclusion (include_path='.:/usr/share/php:/usr/share/pear') in /home/stu/gordon/public_html/cs224/doc/guide-to-sde.php on line 4
[06-Mar-2016 16:53:44 America/Los_Angeles] PHP Warning:  include(menu.php): failed to open stream: No such file or directory in /home/stu/gordon/public_html/cs224/doc/guide-to-sde.php on line 8
[06-Mar-2016 16:53:44 America/Los_Angeles] PHP Warning:  include(): Failed opening 'menu.php' for inclusion (include_path='.:/usr/share/php:/usr/share/pear') in /home/stu/gordon/public_html/cs224/doc/guide-to-sde.php on line 8
[06-Mar-2016 16:53:44 America/Los_Angeles] PHP Warning:  include(left.php): failed to open stream: No such file or directory in /home/stu/gordon/public_html/cs224/doc/guide-to-sde.php on line 174
[06-Mar-2016 16:53:44 America/Los_Angeles] PHP Warning:  include(): Failed opening 'left.php' for inclusion (include_path='.:/usr/share/php:/usr/share/pear') in /home/stu/gordon/public_html/cs224/doc/guide-to-sde.php on line 174
[06-Mar-2016 16:53:44 America/Los_Angeles] PHP Warning:  include(footer.php): failed to open stream: No such file or directory in /home/stu/gordon/public_html/cs224/doc/guide-to-sde.php on line 180
[06-Mar-2016 16:53:44 America/Los_Angeles] PHP Warning:  include(): Failed opening 'footer.php' for inclusion (include_path='.:/usr/share/php:/usr/share/pear') in /home/stu/gordon/public_html/cs224/doc/guide-to-sde.php on line 180
[07-Mar-2016 16:37:17 America/Los_Angeles] PHP Warning:  include(head.php): failed to open stream: No such file or directory in /home/stu/gordon/public_html/cs224/doc/guide-to-sde.php on line 4
[07-Mar-2016 16:37:17 America/Los_Angeles] PHP Warning:  include(): Failed opening 'head.php' for inclusion (include_path='.:/usr/share/php:/usr/share/pear') in /home/stu/gordon/public_html/cs224/doc/guide-to-sde.php on line 4
[07-Mar-2016 16:37:17 America/Los_Angeles] PHP Warning:  include(menu.php): failed to open stream: No such file or directory in /home/stu/gordon/public_html/cs224/doc/guide-to-sde.php on line 8
[07-Mar-2016 16:37:17 America/Los_Angeles] PHP Warning:  include(): Failed opening 'menu.php' for inclusion (include_path='.:/usr/share/php:/usr/share/pear') in /home/stu/gordon/public_html/cs224/doc/guide-to-sde.php on line 8
[07-Mar-2016 16:37:17 America/Los_Angeles] PHP Warning:  include(left.php): failed to open stream: No such file or directory in /home/stu/gordon/public_html/cs224/doc/guide-to-sde.php on line 174
[07-Mar-2016 16:37:17 America/Los_Angeles] PHP Warning:  include(): Failed opening 'left.php' for inclusion (include_path='.:/usr/share/php:/usr/share/pear') in /home/stu/gordon/public_html/cs224/doc/guide-to-sde.php on line 174
[07-Mar-2016 16:37:17 America/Los_Angeles] PHP Warning:  include(footer.php): failed to open stream: No such file or directory in /home/stu/gordon/public_html/cs224/doc/guide-to-sde.php on line 180
[07-Mar-2016 16:37:17 America/Los_Angeles] PHP Warning:  include(): Failed opening 'footer.php' for inclusion (include_path='.:/usr/share/php:/usr/share/pear') in /home/stu/gordon/public_html/cs224/doc/guide-to-sde.php on line 180
[10-Mar-2016 07:43:00 America/Los_Angeles] PHP Warning:  include(head.php): failed to open stream: No such file or directory in /home/stu/gordon/public_html/cs224/doc/guide-to-sde.php on line 4
[10-Mar-2016 07:43:00 America/Los_Angeles] PHP Warning:  include(): Failed opening 'head.php' for inclusion (include_path='.:/usr/share/php:/usr/share/pear') in /home/stu/gordon/public_html/cs224/doc/guide-to-sde.php on line 4
[10-Mar-2016 07:43:00 America/Los_Angeles] PHP Warning:  include(menu.php): failed to open stream: No such file or directory in /home/stu/gordon/public_html/cs224/doc/guide-to-sde.php on line 8
[10-Mar-2016 07:43:00 America/Los_Angeles] PHP Warning:  include(): Failed opening 'menu.php' for inclusion (include_path='.:/usr/share/php:/usr/share/pear') in /home/stu/gordon/public_html/cs224/doc/guide-to-sde.php on line 8
[10-Mar-2016 07:43:00 America/Los_Angeles] PHP Warning:  include(left.php): failed to open stream: No such file or directory in /home/stu/gordon/public_html/cs224/doc/guide-to-sde.php on line 174
[10-Mar-2016 07:43:00 America/Los_Angeles] PHP Warning:  include(): Failed opening 'left.php' for inclusion (include_path='.:/usr/share/php:/usr/share/pear') in /home/stu/gordon/public_html/cs224/doc/guide-to-sde.php on line 174
[10-Mar-2016 07:43:00 America/Los_Angeles] PHP Warning:  include(footer.php): failed to open stream: No such file or directory in /home/stu/gordon/public_html/cs224/doc/guide-to-sde.php on line 180
[10-Mar-2016 07:43:00 America/Los_Angeles] PHP Warning:  include(): Failed opening 'footer.php' for inclusion (include_path='.:/usr/share/php:/usr/share/pear') in /home/stu/gordon/public_html/cs224/doc/guide-to-sde.php on line 180
[15-Mar-2016 01:54:31 America/Los_Angeles] PHP Warning:  include(head.php): failed to open stream: No such file or directory in /home/stu/gordon/public_html/cs224/doc/guide-to-sde.php on line 4
[15-Mar-2016 01:54:31 America/Los_Angeles] PHP Warning:  include(): Failed opening 'head.php' for inclusion (include_path='.:/usr/share/php:/usr/share/pear') in /home/stu/gordon/public_html/cs224/doc/guide-to-sde.php on line 4
[15-Mar-2016 01:54:31 America/Los_Angeles] PHP Warning:  include(menu.php): failed to open stream: No such file or directory in /home/stu/gordon/public_html/cs224/doc/guide-to-sde.php on line 8
[15-Mar-2016 01:54:31 America/Los_Angeles] PHP Warning:  include(): Failed opening 'menu.php' for inclusion (include_path='.:/usr/share/php:/usr/share/pear') in /home/stu/gordon/public_html/cs224/doc/guide-to-sde.php on line 8
[15-Mar-2016 01:54:31 America/Los_Angeles] PHP Warning:  include(left.php): failed to open stream: No such file or directory in /home/stu/gordon/public_html/cs224/doc/guide-to-sde.php on line 174
[15-Mar-2016 01:54:31 America/Los_Angeles] PHP Warning:  include(): Failed opening 'left.php' for inclusion (include_path='.:/usr/share/php:/usr/share/pear') in /home/stu/gordon/public_html/cs224/doc/guide-to-sde.php on line 174
[15-Mar-2016 01:54:31 America/Los_Angeles] PHP Warning:  include(footer.php): failed to open stream: No such file or directory in /home/stu/gordon/public_html/cs224/doc/guide-to-sde.php on line 180
[15-Mar-2016 01:54:31 America/Los_Angeles] PHP Warning:  include(): Failed opening 'footer.php' for inclusion (include_path='.:/usr/share/php:/usr/share/pear') in /home/stu/gordon/public_html/cs224/doc/guide-to-sde.php on line 180
[15-Mar-2016 20:45:32 America/Los_Angeles] PHP Warning:  include(head.php): failed to open stream: No such file or directory in /home/stu/gordon/public_html/cs224/doc/guide-to-sde.php on line 4
[15-Mar-2016 20:45:32 America/Los_Angeles] PHP Warning:  include(): Failed opening 'head.php' for inclusion (include_path='.:/usr/share/php:/usr/share/pear') in /home/stu/gordon/public_html/cs224/doc/guide-to-sde.php on line 4
[15-Mar-2016 20:45:32 America/Los_Angeles] PHP Warning:  include(menu.php): failed to open stream: No such file or directory in /home/stu/gordon/public_html/cs224/doc/guide-to-sde.php on line 8
[15-Mar-2016 20:45:32 America/Los_Angeles] PHP Warning:  include(): Failed opening 'menu.php' for inclusion (include_path='.:/usr/share/php:/usr/share/pear') in /home/stu/gordon/public_html/cs224/doc/guide-to-sde.php on line 8
[15-Mar-2016 20:45:32 America/Los_Angeles] PHP Warning:  include(left.php): failed to open stream: No such file or directory in /home/stu/gordon/public_html/cs224/doc/guide-to-sde.php on line 174
[15-Mar-2016 20:45:32 America/Los_Angeles] PHP Warning:  include(): Failed opening 'left.php' for inclusion (include_path='.:/usr/share/php:/usr/share/pear') in /home/stu/gordon/public_html/cs224/doc/guide-to-sde.php on line 174
[15-Mar-2016 20:45:32 America/Los_Angeles] PHP Warning:  include(footer.php): failed to open stream: No such file or directory in /home/stu/gordon/public_html/cs224/doc/guide-to-sde.php on line 180
[15-Mar-2016 20:45:32 America/Los_Angeles] PHP Warning:  include(): Failed opening 'footer.php' for inclusion (include_path='.:/usr/share/php:/usr/share/pear') in /home/stu/gordon/public_html/cs224/doc/guide-to-sde.php on line 180
[20-Mar-2016 19:18:41 America/Los_Angeles] PHP Warning:  include(head.php): failed to open stream: No such file or directory in /home/stu/gordon/public_html/cs224/doc/guide-to-sde.php on line 4
[20-Mar-2016 19:18:41 America/Los_Angeles] PHP Warning:  include(): Failed opening 'head.php' for inclusion (include_path='.:/usr/share/php:/usr/share/pear') in /home/stu/gordon/public_html/cs224/doc/guide-to-sde.php on line 4
[20-Mar-2016 19:18:41 America/Los_Angeles] PHP Warning:  include(menu.php): failed to open stream: No such file or directory in /home/stu/gordon/public_html/cs224/doc/guide-to-sde.php on line 8
[20-Mar-2016 19:18:41 America/Los_Angeles] PHP Warning:  include(): Failed opening 'menu.php' for inclusion (include_path='.:/usr/share/php:/usr/share/pear') in /home/stu/gordon/public_html/cs224/doc/guide-to-sde.php on line 8
[20-Mar-2016 19:18:41 America/Los_Angeles] PHP Warning:  include(left.php): failed to open stream: No such file or directory in /home/stu/gordon/public_html/cs224/doc/guide-to-sde.php on line 174
[20-Mar-2016 19:18:41 America/Los_Angeles] PHP Warning:  include(): Failed opening 'left.php' for inclusion (include_path='.:/usr/share/php:/usr/share/pear') in /home/stu/gordon/public_html/cs224/doc/guide-to-sde.php on line 174
[20-Mar-2016 19:18:41 America/Los_Angeles] PHP Warning:  include(footer.php): failed to open stream: No such file or directory in /home/stu/gordon/public_html/cs224/doc/guide-to-sde.php on line 180
[20-Mar-2016 19:18:41 America/Los_Angeles] PHP Warning:  include(): Failed opening 'footer.php' for inclusion (include_path='.:/usr/share/php:/usr/share/pear') in /home/stu/gordon/public_html/cs224/doc/guide-to-sde.php on line 180
[23-Mar-2016 02:13:55 America/Los_Angeles] PHP Warning:  include(head.php): failed to open stream: No such file or directory in /home/stu/gordon/public_html/cs224/doc/guide-to-sde.php on line 4
[23-Mar-2016 02:13:55 America/Los_Angeles] PHP Warning:  include(): Failed opening 'head.php' for inclusion (include_path='.:/usr/share/php:/usr/share/pear') in /home/stu/gordon/public_html/cs224/doc/guide-to-sde.php on line 4
[23-Mar-2016 02:13:55 America/Los_Angeles] PHP Warning:  include(menu.php): failed to open stream: No such file or directory in /home/stu/gordon/public_html/cs224/doc/guide-to-sde.php on line 8
[23-Mar-2016 02:13:55 America/Los_Angeles] PHP Warning:  include(): Failed opening 'menu.php' for inclusion (include_path='.:/usr/share/php:/usr/share/pear') in /home/stu/gordon/public_html/cs224/doc/guide-to-sde.php on line 8
[23-Mar-2016 02:13:55 America/Los_Angeles] PHP Warning:  include(left.php): failed to open stream: No such file or directory in /home/stu/gordon/public_html/cs224/doc/guide-to-sde.php on line 174
[23-Mar-2016 02:13:55 America/Los_Angeles] PHP Warning:  include(): Failed opening 'left.php' for inclusion (include_path='.:/usr/share/php:/usr/share/pear') in /home/stu/gordon/public_html/cs224/doc/guide-to-sde.php on line 174
[23-Mar-2016 02:13:55 America/Los_Angeles] PHP Warning:  include(footer.php): failed to open stream: No such file or directory in /home/stu/gordon/public_html/cs224/doc/guide-to-sde.php on line 180
[23-Mar-2016 02:13:55 America/Los_Angeles] PHP Warning:  include(): Failed opening 'footer.php' for inclusion (include_path='.:/usr/share/php:/usr/share/pear') in /home/stu/gordon/public_html/cs224/doc/guide-to-sde.php on line 180
[27-Mar-2016 18:00:22 America/Los_Angeles] PHP Warning:  include(head.php): failed to open stream: No such file or directory in /home/fac/gordon/public_html/cs224/doc/guide-to-sde.php on line 4
[27-Mar-2016 18:00:22 America/Los_Angeles] PHP Warning:  include(): Failed opening 'head.php' for inclusion (include_path='.:/usr/share/php:/usr/share/pear') in /home/fac/gordon/public_html/cs224/doc/guide-to-sde.php on line 4
[27-Mar-2016 18:00:22 America/Los_Angeles] PHP Warning:  include(menu.php): failed to open stream: No such file or directory in /home/fac/gordon/public_html/cs224/doc/guide-to-sde.php on line 8
[27-Mar-2016 18:00:22 America/Los_Angeles] PHP Warning:  include(): Failed opening 'menu.php' for inclusion (include_path='.:/usr/share/php:/usr/share/pear') in /home/fac/gordon/public_html/cs224/doc/guide-to-sde.php on line 8
[27-Mar-2016 18:00:22 America/Los_Angeles] PHP Warning:  include(left.php): failed to open stream: No such file or directory in /home/fac/gordon/public_html/cs224/doc/guide-to-sde.php on line 174
[27-Mar-2016 18:00:22 America/Los_Angeles] PHP Warning:  include(): Failed opening 'left.php' for inclusion (include_path='.:/usr/share/php:/usr/share/pear') in /home/fac/gordon/public_html/cs224/doc/guide-to-sde.php on line 174
[27-Mar-2016 18:00:22 America/Los_Angeles] PHP Warning:  include(footer.php): failed to open stream: No such file or directory in /home/fac/gordon/public_html/cs224/doc/guide-to-sde.php on line 180
[27-Mar-2016 18:00:22 America/Los_Angeles] PHP Warning:  include(): Failed opening 'footer.php' for inclusion (include_path='.:/usr/share/php:/usr/share/pear') in /home/fac/gordon/public_html/cs224/doc/guide-to-sde.php on line 180
[30-Mar-2016 03:15:13 America/Los_Angeles] PHP Warning:  include(head.php): failed to open stream: No such file or directory in /home/fac/gordon/public_html/cs224/doc/guide-to-sde.php on line 4
[30-Mar-2016 03:15:13 America/Los_Angeles] PHP Warning:  include(): Failed opening 'head.php' for inclusion (include_path='.:/usr/share/php:/usr/share/pear') in /home/fac/gordon/public_html/cs224/doc/guide-to-sde.php on line 4
[30-Mar-2016 03:15:13 America/Los_Angeles] PHP Warning:  include(menu.php): failed to open stream: No such file or directory in /home/fac/gordon/public_html/cs224/doc/guide-to-sde.php on line 8
[30-Mar-2016 03:15:13 America/Los_Angeles] PHP Warning:  include(): Failed opening 'menu.php' for inclusion (include_path='.:/usr/share/php:/usr/share/pear') in /home/fac/gordon/public_html/cs224/doc/guide-to-sde.php on line 8
[30-Mar-2016 03:15:13 America/Los_Angeles] PHP Warning:  include(left.php): failed to open stream: No such file or directory in /home/fac/gordon/public_html/cs224/doc/guide-to-sde.php on line 174
[30-Mar-2016 03:15:13 America/Los_Angeles] PHP Warning:  include(): Failed opening 'left.php' for inclusion (include_path='.:/usr/share/php:/usr/share/pear') in /home/fac/gordon/public_html/cs224/doc/guide-to-sde.php on line 174
[30-Mar-2016 03:15:13 America/Los_Angeles] PHP Warning:  include(footer.php): failed to open stream: No such file or directory in /home/fac/gordon/public_html/cs224/doc/guide-to-sde.php on line 180
[30-Mar-2016 03:15:13 America/Los_Angeles] PHP Warning:  include(): Failed opening 'footer.php' for inclusion (include_path='.:/usr/share/php:/usr/share/pear') in /home/fac/gordon/public_html/cs224/doc/guide-to-sde.php on line 180
[31-Mar-2016 14:37:41 America/Los_Angeles] PHP Warning:  include(head.php): failed to open stream: No such file or directory in /home/fac/gordon/public_html/cs224/doc/guide-to-sde.php on line 4
[31-Mar-2016 14:37:41 America/Los_Angeles] PHP Warning:  include(): Failed opening 'head.php' for inclusion (include_path='.:/usr/share/php:/usr/share/pear') in /home/fac/gordon/public_html/cs224/doc/guide-to-sde.php on line 4
[31-Mar-2016 14:37:41 America/Los_Angeles] PHP Warning:  include(menu.php): failed to open stream: No such file or directory in /home/fac/gordon/public_html/cs224/doc/guide-to-sde.php on line 8
[31-Mar-2016 14:37:41 America/Los_Angeles] PHP Warning:  include(): Failed opening 'menu.php' for inclusion (include_path='.:/usr/share/php:/usr/share/pear') in /home/fac/gordon/public_html/cs224/doc/guide-to-sde.php on line 8
[31-Mar-2016 14:37:41 America/Los_Angeles] PHP Warning:  include(left.php): failed to open stream: No such file or directory in /home/fac/gordon/public_html/cs224/doc/guide-to-sde.php on line 174
[31-Mar-2016 14:37:41 America/Los_Angeles] PHP Warning:  include(): Failed opening 'left.php' for inclusion (include_path='.:/usr/share/php:/usr/share/pear') in /home/fac/gordon/public_html/cs224/doc/guide-to-sde.php on line 174
[31-Mar-2016 14:37:41 America/Los_Angeles] PHP Warning:  include(footer.php): failed to open stream: No such file or directory in /home/fac/gordon/public_html/cs224/doc/guide-to-sde.php on line 180
[31-Mar-2016 14:37:41 America/Los_Angeles] PHP Warning:  include(): Failed opening 'footer.php' for inclusion (include_path='.:/usr/share/php:/usr/share/pear') in /home/fac/gordon/public_html/cs224/doc/guide-to-sde.php on line 180
[02-Apr-2016 16:11:12 America/Los_Angeles] PHP Warning:  include(head.php): failed to open stream: No such file or directory in /home/fac/gordon/public_html/cs224/doc/guide-to-sde.php on line 4
[02-Apr-2016 16:11:12 America/Los_Angeles] PHP Warning:  include(): Failed opening 'head.php' for inclusion (include_path='.:/usr/share/php:/usr/share/pear') in /home/fac/gordon/public_html/cs224/doc/guide-to-sde.php on line 4
[02-Apr-2016 16:11:12 America/Los_Angeles] PHP Warning:  include(menu.php): failed to open stream: No such file or directory in /home/fac/gordon/public_html/cs224/doc/guide-to-sde.php on line 8
[02-Apr-2016 16:11:12 America/Los_Angeles] PHP Warning:  include(): Failed opening 'menu.php' for inclusion (include_path='.:/usr/share/php:/usr/share/pear') in /home/fac/gordon/public_html/cs224/doc/guide-to-sde.php on line 8
[02-Apr-2016 16:11:12 America/Los_Angeles] PHP Warning:  include(left.php): failed to open stream: No such file or directory in /home/fac/gordon/public_html/cs224/doc/guide-to-sde.php on line 174
[02-Apr-2016 16:11:12 America/Los_Angeles] PHP Warning:  include(): Failed opening 'left.php' for inclusion (include_path='.:/usr/share/php:/usr/share/pear') in /home/fac/gordon/public_html/cs224/doc/guide-to-sde.php on line 174
[02-Apr-2016 16:11:12 America/Los_Angeles] PHP Warning:  include(footer.php): failed to open stream: No such file or directory in /home/fac/gordon/public_html/cs224/doc/guide-to-sde.php on line 180
[02-Apr-2016 16:11:12 America/Los_Angeles] PHP Warning:  include(): Failed opening 'footer.php' for inclusion (include_path='.:/usr/share/php:/usr/share/pear') in /home/fac/gordon/public_html/cs224/doc/guide-to-sde.php on line 180
